<?xml version="1.0" encoding="UTF-8"?>
<coverage generated="1528832782008" clover="3.2.0">
  <project timestamp="1528832782008" name="All files">
    <metrics statements="520" coveredstatements="443" conditionals="341" coveredconditionals="248" methods="151" coveredmethods="99" elements="1012" coveredelements="790" complexity="0" loc="520" ncloc="520" packages="1" files="9" classes="9">
      <file name="FastField.tsx" path="/Users/jared/workspace/github/jaredpalmer/formik/src/FastField.tsx">
        <metrics statements="104" coveredstatements="67" conditionals="56" coveredconditionals="34" methods="24" coveredmethods="7"/>
        <line num="18" count="0" type="stmt"/>
        <line num="25" count="5" type="stmt"/>
        <line num="31" count="5" type="stmt"/>
        <line num="35" count="24" type="stmt"/>
        <line num="36" count="24" type="stmt"/>
        <line num="38" count="24" type="stmt"/>
        <line num="39" count="24" type="cond" truecount="1" falsecount="1"/>
        <line num="40" count="0" type="stmt"/>
        <line num="43" count="24" type="cond" truecount="1" falsecount="1"/>
        <line num="44" count="0" type="stmt"/>
        <line num="47" count="24" type="stmt"/>
        <line num="53" count="24" type="cond" truecount="2" falsecount="0"/>
        <line num="54" count="24" type="stmt"/>
        <line num="59" count="24" type="stmt"/>
        <line num="60" count="0" type="stmt"/>
        <line num="66" count="24" type="stmt"/>
        <line num="68" count="24" type="stmt"/>
        <line num="70" count="24" type="stmt"/>
        <line num="75" count="24" type="stmt"/>
        <line num="80" count="24" type="stmt"/>
        <line num="86" count="5" type="stmt"/>
        <line num="87" count="19" type="stmt"/>
        <line num="90" count="24" type="stmt"/>
        <line num="91" count="2" type="stmt"/>
        <line num="92" count="2" type="stmt"/>
        <line num="93" count="2" type="stmt"/>
        <line num="94" count="2" type="stmt"/>
        <line num="95" count="2" type="stmt"/>
        <line num="96" count="2" type="stmt"/>
        <line num="97" count="2" type="stmt"/>
        <line num="98" count="2" type="stmt"/>
        <line num="100" count="2" type="stmt"/>
        <line num="101" count="2" type="stmt"/>
        <line num="104" count="2" type="cond" truecount="2" falsecount="0"/>
        <line num="106" count="1" type="cond" truecount="1" falsecount="1"/>
        <line num="107" count="1" type="stmt"/>
        <line num="108" count="1" type="cond" truecount="1" falsecount="1"/>
        <line num="109" count="0" type="stmt"/>
        <line num="110" count="0" type="stmt"/>
        <line num="111" count="0" type="stmt"/>
        <line num="112" count="0" type="stmt"/>
        <line num="115" count="1" type="stmt"/>
        <line num="117" count="0" type="cond" truecount="0" falsecount="2"/>
        <line num="119" count="0" type="stmt"/>
        <line num="123" count="0" type="cond" truecount="0" falsecount="2"/>
        <line num="124" count="0" type="stmt"/>
        <line num="125" count="0" type="stmt"/>
        <line num="126" count="0" type="stmt"/>
        <line num="132" count="0" type="cond" truecount="0" falsecount="2"/>
        <line num="133" count="0" type="stmt"/>
        <line num="135" count="0" type="stmt"/>
        <line num="146" count="0" type="cond" truecount="0" falsecount="2"/>
        <line num="147" count="0" type="stmt"/>
        <line num="152" count="0" type="stmt"/>
        <line num="155" count="0" type="stmt"/>
        <line num="161" count="0" type="cond" truecount="0" falsecount="2"/>
        <line num="163" count="0" type="stmt"/>
        <line num="166" count="0" type="stmt"/>
        <line num="168" count="0" type="stmt"/>
        <line num="169" count="0" type="stmt"/>
        <line num="170" count="0" type="stmt"/>
        <line num="175" count="0" type="cond" truecount="0" falsecount="2"/>
        <line num="176" count="0" type="stmt"/>
        <line num="181" count="0" type="stmt"/>
        <line num="185" count="0" type="stmt"/>
        <line num="186" count="0" type="stmt"/>
        <line num="188" count="0" type="stmt"/>
        <line num="196" count="0" type="stmt"/>
        <line num="199" count="1" type="stmt"/>
        <line num="203" count="24" type="stmt"/>
        <line num="204" count="2" type="stmt"/>
        <line num="205" count="2" type="stmt"/>
        <line num="208" count="2" type="cond" truecount="4" falsecount="0"/>
        <line num="209" count="1" type="stmt"/>
        <line num="210" count="1" type="cond" truecount="1" falsecount="1"/>
        <line num="211" count="0" type="stmt"/>
        <line num="213" count="0" type="stmt"/>
        <line num="220" count="0" type="stmt"/>
        <line num="228" count="1" type="stmt"/>
        <line num="236" count="1" type="stmt"/>
        <line num="245" count="5" type="stmt"/>
        <line num="246" count="26" type="stmt"/>
        <line num="247" count="26" type="stmt"/>
        <line num="248" count="26" type="stmt"/>
        <line num="249" count="26" type="stmt"/>
        <line num="250" count="26" type="stmt"/>
        <line num="251" count="52" type="cond" truecount="2" falsecount="0"/>
        <line num="252" count="26" type="stmt"/>
        <line num="253" count="26" type="stmt"/>
        <line num="256" count="26" type="stmt"/>
        <line num="257" count="26" type="stmt"/>
        <line num="258" count="26" type="stmt"/>
        <line num="260" count="26" type="stmt"/>
        <line num="269" count="26" type="stmt"/>
        <line num="275" count="26" type="cond" truecount="2" falsecount="0"/>
        <line num="276" count="5" type="stmt"/>
        <line num="283" count="21" type="cond" truecount="2" falsecount="0"/>
        <line num="284" count="4" type="stmt"/>
        <line num="287" count="17" type="cond" truecount="2" falsecount="0"/>
        <line num="288" count="10" type="stmt"/>
        <line num="289" count="10" type="stmt"/>
        <line num="297" count="7" type="stmt"/>
        <line num="303" count="5" type="stmt"/>
        <line num="305" count="5" type="stmt"/>
      </file>
      <file name="Field.tsx" path="/Users/jared/workspace/github/jaredpalmer/formik/src/Field.tsx">
        <metrics statements="49" coveredstatements="46" conditionals="36" coveredconditionals="34" methods="8" coveredmethods="6"/>
        <line num="89" count="5" type="stmt"/>
        <line num="96" count="24" type="cond" truecount="2" falsecount="0"/>
        <line num="97" count="24" type="stmt"/>
        <line num="98" count="24" type="stmt"/>
        <line num="103" count="24" type="stmt"/>
        <line num="108" count="24" type="stmt"/>
        <line num="114" count="24" type="stmt"/>
        <line num="115" count="2" type="stmt"/>
        <line num="116" count="2" type="stmt"/>
        <line num="117" count="2" type="cond" truecount="4" falsecount="0"/>
        <line num="118" count="1" type="stmt"/>
        <line num="122" count="24" type="stmt"/>
        <line num="123" count="2" type="stmt"/>
        <line num="124" count="2" type="stmt"/>
        <line num="125" count="2" type="cond" truecount="4" falsecount="0"/>
        <line num="126" count="1" type="stmt"/>
        <line num="130" count="24" type="stmt"/>
        <line num="131" count="2" type="stmt"/>
        <line num="132" count="2" type="stmt"/>
        <line num="134" count="2" type="stmt"/>
        <line num="136" count="2" type="cond" truecount="1" falsecount="1"/>
        <line num="137" count="0" type="stmt"/>
        <line num="138" count="0" type="stmt"/>
        <line num="139" count="0" type="stmt"/>
        <line num="143" count="2" type="stmt"/>
        <line num="147" count="5" type="stmt"/>
        <line num="148" count="24" type="stmt"/>
        <line num="149" count="24" type="stmt"/>
        <line num="150" count="24" type="stmt"/>
        <line num="151" count="24" type="stmt"/>
        <line num="152" count="24" type="stmt"/>
        <line num="153" count="48" type="cond" truecount="2" falsecount="0"/>
        <line num="154" count="24" type="stmt"/>
        <line num="155" count="24" type="stmt"/>
        <line num="160" count="24" type="stmt"/>
        <line num="161" count="24" type="stmt"/>
        <line num="162" count="24" type="stmt"/>
        <line num="164" count="24" type="stmt"/>
        <line num="173" count="24" type="stmt"/>
        <line num="175" count="24" type="cond" truecount="2" falsecount="0"/>
        <line num="176" count="5" type="stmt"/>
        <line num="179" count="19" type="cond" truecount="2" falsecount="0"/>
        <line num="180" count="4" type="stmt"/>
        <line num="183" count="15" type="cond" truecount="2" falsecount="0"/>
        <line num="184" count="8" type="stmt"/>
        <line num="185" count="8" type="stmt"/>
        <line num="193" count="7" type="stmt"/>
        <line num="199" count="5" type="stmt"/>
        <line num="201" count="5" type="stmt"/>
      </file>
      <file name="FieldArray.tsx" path="/Users/jared/workspace/github/jaredpalmer/formik/src/FieldArray.tsx">
        <metrics statements="96" coveredstatements="87" conditionals="41" coveredconditionals="28" methods="42" coveredmethods="23"/>
        <line num="55" count="5" type="stmt"/>
        <line num="56" count="0" type="cond" truecount="0" falsecount="2"/>
        <line num="57" count="0" type="stmt"/>
        <line num="58" count="0" type="stmt"/>
        <line num="59" count="0" type="stmt"/>
        <line num="60" count="0" type="stmt"/>
        <line num="63" count="5" type="stmt"/>
        <line num="64" count="1" type="cond" truecount="1" falsecount="1"/>
        <line num="65" count="1" type="stmt"/>
        <line num="66" count="1" type="stmt"/>
        <line num="67" count="1" type="stmt"/>
        <line num="68" count="1" type="stmt"/>
        <line num="71" count="5" type="stmt"/>
        <line num="72" count="1" type="cond" truecount="1" falsecount="1"/>
        <line num="73" count="1" type="stmt"/>
        <line num="74" count="1" type="stmt"/>
        <line num="77" count="5" type="stmt"/>
        <line num="78" count="1" type="cond" truecount="1" falsecount="1"/>
        <line num="79" count="1" type="stmt"/>
        <line num="80" count="1" type="stmt"/>
        <line num="82" count="5" type="stmt"/>
        <line num="86" count="5" type="stmt"/>
        <line num="91" count="10" type="cond" truecount="2" falsecount="0"/>
        <line num="93" count="10" type="stmt"/>
        <line num="94" count="10" type="stmt"/>
        <line num="97" count="10" type="stmt"/>
        <line num="102" count="7" type="stmt"/>
        <line num="103" count="7" type="stmt"/>
        <line num="104" count="7" type="stmt"/>
        <line num="105" count="7" type="stmt"/>
        <line num="107" count="7" type="stmt"/>
        <line num="108" count="7" type="stmt"/>
        <line num="119" count="7" type="cond" truecount="1" falsecount="1"/>
        <line num="120" count="7" type="stmt"/>
        <line num="126" count="10" type="stmt"/>
        <line num="127" count="1" type="stmt"/>
        <line num="128" count="1" type="cond" truecount="1" falsecount="1"/>
        <line num="133" count="10" type="stmt"/>
        <line num="135" count="10" type="stmt"/>
        <line num="136" count="1" type="stmt"/>
        <line num="137" count="1" type="stmt"/>
        <line num="142" count="10" type="stmt"/>
        <line num="143" count="0" type="stmt"/>
        <line num="145" count="10" type="stmt"/>
        <line num="146" count="0" type="stmt"/>
        <line num="147" count="0" type="stmt"/>
        <line num="152" count="10" type="stmt"/>
        <line num="154" count="10" type="stmt"/>
        <line num="155" count="1" type="stmt"/>
        <line num="156" count="1" type="stmt"/>
        <line num="161" count="10" type="stmt"/>
        <line num="163" count="10" type="stmt"/>
        <line num="164" count="1" type="stmt"/>
        <line num="165" count="1" type="stmt"/>
        <line num="170" count="10" type="stmt"/>
        <line num="171" count="0" type="stmt"/>
        <line num="173" count="10" type="stmt"/>
        <line num="174" count="1" type="stmt"/>
        <line num="175" count="1" type="stmt"/>
        <line num="177" count="1" type="cond" truecount="1" falsecount="1"/>
        <line num="178" count="1" type="stmt"/>
        <line num="183" count="1" type="stmt"/>
        <line num="186" count="10" type="stmt"/>
        <line num="188" count="5" type="stmt"/>
        <line num="191" count="1" type="stmt"/>
        <line num="194" count="3" type="cond" truecount="2" falsecount="0"/>
        <line num="195" count="3" type="cond" truecount="2" falsecount="0"/>
        <line num="196" count="1" type="stmt"/>
        <line num="198" count="3" type="cond" truecount="1" falsecount="1"/>
        <line num="199" count="3" type="stmt"/>
        <line num="201" count="3" type="stmt"/>
        <line num="207" count="1" type="stmt"/>
        <line num="210" count="10" type="stmt"/>
        <line num="212" count="5" type="stmt"/>
        <line num="215" count="1" type="stmt"/>
        <line num="218" count="3" type="stmt"/>
        <line num="219" count="3" type="cond" truecount="2" falsecount="0"/>
        <line num="220" count="1" type="cond" truecount="3" falsecount="0"/>
        <line num="222" count="3" type="stmt"/>
        <line num="228" count="1" type="stmt"/>
        <line num="231" count="10" type="stmt"/>
        <line num="233" count="5" type="stmt"/>
        <line num="234" count="17" type="stmt"/>
        <line num="253" count="17" type="stmt"/>
        <line num="254" count="17" type="stmt"/>
        <line num="255" count="17" type="stmt"/>
        <line num="256" count="17" type="stmt"/>
        <line num="257" count="17" type="stmt"/>
        <line num="258" count="17" type="stmt"/>
        <line num="259" count="17" type="stmt"/>
        <line num="260" count="17" type="stmt"/>
        <line num="261" count="17" type="stmt"/>
        <line num="265" count="17" type="stmt"/>
        <line num="267" count="17" type="stmt"/>
        <line num="277" count="5" type="stmt"/>
        <line num="279" count="5" type="stmt"/>
      </file>
      <file name="Form.tsx" path="/Users/jared/workspace/github/jaredpalmer/formik/src/Form.tsx">
        <metrics statements="2" coveredstatements="2" conditionals="0" coveredconditionals="0" methods="1" coveredmethods="0"/>
        <line num="4" count="5" type="stmt"/>
        <line num="8" count="5" type="stmt"/>
      </file>
      <file name="Formik.tsx" path="/Users/jared/workspace/github/jaredpalmer/formik/src/Formik.tsx">
        <metrics statements="187" coveredstatements="163" conditionals="152" coveredconditionals="106" methods="53" coveredmethods="42"/>
        <line num="25" count="5" type="stmt"/>
        <line num="29" count="5" type="stmt"/>
        <line num="38" count="129" type="stmt"/>
        <line num="41" count="129" type="stmt"/>
        <line num="47" count="129" type="cond" truecount="2" falsecount="0"/>
        <line num="48" count="129" type="stmt"/>
        <line num="55" count="129" type="stmt"/>
        <line num="56" count="129" type="cond" truecount="1" falsecount="1"/>
        <line num="58" count="129" type="stmt"/>
        <line num="63" count="129" type="stmt"/>
        <line num="68" count="129" type="stmt"/>
        <line num="74" count="129" type="stmt"/>
        <line num="75" count="19" type="stmt"/>
        <line num="78" count="129" type="stmt"/>
        <line num="79" count="19" type="stmt"/>
        <line num="82" count="5" type="stmt"/>
        <line num="84" count="44" type="cond" truecount="2" falsecount="0"/>
        <line num="88" count="2" type="stmt"/>
        <line num="90" count="2" type="stmt"/>
        <line num="94" count="129" type="stmt"/>
        <line num="95" count="11" type="stmt"/>
        <line num="98" count="129" type="stmt"/>
        <line num="99" count="3" type="stmt"/>
        <line num="100" count="3" type="cond" truecount="1" falsecount="1"/>
        <line num="101" count="3" type="stmt"/>
        <line num="106" count="129" type="stmt"/>
        <line num="107" count="3" type="stmt"/>
        <line num="108" count="3" type="stmt"/>
        <line num="110" count="3" type="cond" truecount="2" falsecount="0"/>
        <line num="111" count="2" type="stmt"/>
        <line num="116" count="129" type="stmt"/>
        <line num="117" count="1" type="stmt"/>
        <line num="120" count="129" type="stmt"/>
        <line num="121" count="0" type="cond" truecount="0" falsecount="2"/>
        <line num="122" count="0" type="stmt"/>
        <line num="126" count="0" type="stmt"/>
        <line num="129" count="129" type="stmt"/>
        <line num="130" count="0" type="stmt"/>
        <line num="136" count="129" type="stmt"/>
        <line num="137" count="4" type="stmt"/>
        <line num="138" count="4" type="stmt"/>
        <line num="141" count="4" type="stmt"/>
        <line num="143" count="4" type="stmt"/>
        <line num="144" count="4" type="cond" truecount="2" falsecount="0"/>
        <line num="145" count="2" type="stmt"/>
        <line num="149" count="0" type="stmt"/>
        <line num="156" count="129" type="cond" truecount="2" falsecount="0"/>
        <line num="157" count="33" type="cond" truecount="2" falsecount="0"/>
        <line num="158" count="2" type="stmt"/>
        <line num="161" count="33" type="cond" truecount="2" falsecount="0"/>
        <line num="162" count="10" type="stmt"/>
        <line num="163" count="10" type="cond" truecount="1" falsecount="1"/>
        <line num="164" count="0" type="stmt"/>
        <line num="166" count="0" type="stmt"/>
        <line num="168" count="0" type="stmt"/>
        <line num="171" count="10" type="stmt"/>
        <line num="176" count="129" type="stmt"/>
        <line num="183" count="11" type="stmt"/>
        <line num="190" count="11" type="stmt"/>
        <line num="191" count="11" type="stmt"/>
        <line num="195" count="11" type="cond" truecount="1" falsecount="1"/>
        <line num="198" count="11" type="cond" truecount="1" falsecount="1"/>
        <line num="199" count="11" type="stmt"/>
        <line num="201" count="11" type="stmt"/>
        <line num="202" count="11" type="stmt"/>
        <line num="203" count="11" type="stmt"/>
        <line num="204" count="11" type="stmt"/>
        <line num="205" count="11" type="stmt"/>
        <line num="206" count="11" type="stmt"/>
        <line num="207" count="11" type="stmt"/>
        <line num="209" count="11" type="cond" truecount="3" falsecount="1"/>
        <line num="210" count="11" type="cond" truecount="2" falsecount="2"/>
        <line num="211" count="0" type="stmt"/>
        <line num="217" count="11" type="stmt"/>
        <line num="222" count="11" type="cond" truecount="1" falsecount="1"/>
        <line num="224" count="11" type="stmt"/>
        <line num="229" count="11" type="cond" truecount="2" falsecount="0"/>
        <line num="230" count="8" type="stmt"/>
        <line num="237" count="11" type="cond" truecount="1" falsecount="1"/>
        <line num="238" count="0" type="stmt"/>
        <line num="244" count="0" type="stmt"/>
        <line num="249" count="11" type="stmt"/>
        <line num="253" count="129" type="stmt"/>
        <line num="256" count="8" type="cond" truecount="1" falsecount="1"/>
        <line num="259" count="7" type="stmt"/>
        <line num="263" count="4" type="stmt"/>
        <line num="264" count="4" type="stmt"/>
        <line num="266" count="4" type="cond" truecount="4" falsecount="0"/>
        <line num="267" count="3" type="stmt"/>
        <line num="272" count="129" type="stmt"/>
        <line num="273" count="24" type="cond" truecount="4" falsecount="0"/>
        <line num="274" count="21" type="stmt"/>
        <line num="281" count="24" type="cond" truecount="1" falsecount="1"/>
        <line num="286" count="24" type="stmt"/>
        <line num="287" count="24" type="cond" truecount="2" falsecount="0"/>
        <line num="291" count="2" type="stmt"/>
        <line num="301" count="24" type="stmt"/>
        <line num="304" count="129" type="stmt"/>
        <line num="306" count="29" type="stmt"/>
        <line num="315" count="29" type="cond" truecount="2" falsecount="0"/>
        <line num="317" count="14" type="cond" truecount="2" falsecount="0"/>
        <line num="318" count="14" type="cond" truecount="2" falsecount="0"/>
        <line num="319" count="8" type="stmt"/>
        <line num="321" count="6" type="stmt"/>
        <line num="322" count="6" type="stmt"/>
        <line num="324" count="0" type="stmt"/>
        <line num="326" count="8" type="stmt"/>
        <line num="328" count="6" type="stmt"/>
        <line num="329" count="6" type="stmt"/>
        <line num="335" count="6" type="cond" truecount="2" falsecount="0"/>
        <line num="336" count="4" type="stmt"/>
        <line num="339" count="15" type="cond" truecount="2" falsecount="0"/>
        <line num="340" count="2" type="stmt"/>
        <line num="342" count="13" type="stmt"/>
        <line num="346" count="129" type="stmt"/>
        <line num="347" count="25" type="stmt"/>
        <line num="350" count="129" type="stmt"/>
        <line num="351" count="7" type="stmt"/>
        <line num="352" count="7" type="cond" truecount="1" falsecount="1"/>
        <line num="353" count="7" type="stmt"/>
        <line num="355" count="7" type="stmt"/>
        <line num="356" count="7" type="cond" truecount="3" falsecount="1"/>
        <line num="358" count="7" type="cond" truecount="2" falsecount="2"/>
        <line num="359" count="0" type="stmt"/>
        <line num="366" count="7" type="stmt"/>
        <line num="370" count="7" type="cond" truecount="1" falsecount="1"/>
        <line num="371" count="7" type="stmt"/>
        <line num="375" count="7" type="cond" truecount="1" falsecount="1"/>
        <line num="377" count="0" type="stmt"/>
        <line num="380" count="0" type="stmt"/>
        <line num="382" count="7" type="stmt"/>
        <line num="386" count="129" type="stmt"/>
        <line num="388" count="4" type="cond" truecount="1" falsecount="1"/>
        <line num="389" count="8" type="cond" truecount="1" falsecount="1"/>
        <line num="392" count="4" type="stmt"/>
        <line num="393" count="4" type="stmt"/>
        <line num="398" count="4" type="cond" truecount="4" falsecount="0"/>
        <line num="399" count="3" type="stmt"/>
        <line num="405" count="129" type="stmt"/>
        <line num="407" count="1" type="stmt"/>
        <line num="413" count="129" type="stmt"/>
        <line num="414" count="4" type="cond" truecount="1" falsecount="1"/>
        <line num="416" count="4" type="stmt"/>
        <line num="418" count="4" type="stmt"/>
        <line num="427" count="4" type="stmt"/>
        <line num="430" count="129" type="stmt"/>
        <line num="431" count="5" type="cond" truecount="2" falsecount="0"/>
        <line num="432" count="2" type="stmt"/>
        <line num="437" count="2" type="cond" truecount="2" falsecount="0"/>
        <line num="438" count="1" type="stmt"/>
        <line num="440" count="1" type="stmt"/>
        <line num="443" count="3" type="stmt"/>
        <line num="447" count="129" type="stmt"/>
        <line num="448" count="7" type="stmt"/>
        <line num="450" count="129" type="stmt"/>
        <line num="451" count="477" type="stmt"/>
        <line num="468" count="129" type="stmt"/>
        <line num="469" count="450" type="stmt"/>
        <line num="470" count="450" type="stmt"/>
        <line num="471" count="450" type="stmt"/>
        <line num="482" count="129" type="stmt"/>
        <line num="483" count="450" type="stmt"/>
        <line num="500" count="129" type="stmt"/>
        <line num="501" count="225" type="stmt"/>
        <line num="508" count="5" type="stmt"/>
        <line num="509" count="225" type="stmt"/>
        <line num="510" count="225" type="stmt"/>
        <line num="511" count="225" type="stmt"/>
        <line num="512" count="225" type="stmt"/>
        <line num="528" count="5" type="stmt"/>
        <line num="531" count="0" type="stmt"/>
        <line num="532" count="0" type="stmt"/>
        <line num="533" count="0" type="stmt"/>
        <line num="539" count="0" type="stmt"/>
        <line num="553" count="0" type="stmt"/>
        <line num="554" count="0" type="stmt"/>
        <line num="555" count="0" type="cond" truecount="0" falsecount="2"/>
        <line num="556" count="0" type="stmt"/>
        <line num="559" count="0" type="stmt"/>
        <line num="568" count="8" type="cond" truecount="1" falsecount="1"/>
        <line num="569" count="8" type="cond" truecount="1" falsecount="1"/>
        <line num="571" count="4" type="stmt"/>
        <line num="572" count="4" type="stmt"/>
        <line num="573" count="4" type="cond" truecount="1" falsecount="1"/>
        <line num="574" count="4" type="stmt"/>
        <line num="575" count="4" type="cond" truecount="1" falsecount="1"/>
        <line num="578" count="4" type="cond" truecount="1" falsecount="1"/>
      </file>
      <file name="batchUpdate.tsx" path="/Users/jared/workspace/github/jaredpalmer/formik/src/batchUpdate.tsx">
        <metrics statements="7" coveredstatements="5" conditionals="4" coveredconditionals="2" methods="1" coveredmethods="0"/>
        <line num="5" count="5" type="cond" truecount="1" falsecount="1"/>
        <line num="6" count="0" type="stmt"/>
        <line num="8" count="5" type="stmt"/>
        <line num="11" count="5" type="stmt"/>
        <line num="12" count="5" type="cond" truecount="1" falsecount="1"/>
        <line num="13" count="0" type="stmt"/>
        <line num="16" count="5" type="stmt"/>
      </file>
      <file name="connect.tsx" path="/Users/jared/workspace/github/jaredpalmer/formik/src/connect.tsx">
        <metrics statements="6" coveredstatements="6" conditionals="0" coveredconditionals="0" methods="3" coveredmethods="3"/>
        <line num="7" count="5" type="stmt"/>
        <line num="8" count="5" type="stmt"/>
        <line num="18" count="56" type="stmt"/>
        <line num="20" count="56" type="stmt"/>
        <line num="25" count="20" type="stmt"/>
        <line num="29" count="20" type="stmt"/>
      </file>
      <file name="utils.ts" path="/Users/jared/workspace/github/jaredpalmer/formik/src/utils.ts">
        <metrics statements="51" coveredstatements="49" conditionals="38" coveredconditionals="33" methods="11" coveredmethods="10"/>
        <line num="12" count="336" type="cond" truecount="1" falsecount="1"/>
        <line num="14" count="168" type="stmt"/>
        <line num="15" count="168" type="cond" truecount="2" falsecount="0"/>
        <line num="16" count="155" type="stmt"/>
        <line num="18" count="168" type="cond" truecount="2" falsecount="0"/>
        <line num="26" count="59" type="stmt"/>
        <line num="27" count="59" type="stmt"/>
        <line num="28" count="59" type="stmt"/>
        <line num="29" count="59" type="stmt"/>
        <line num="31" count="59" type="stmt"/>
        <line num="32" count="11" type="stmt"/>
        <line num="33" count="11" type="stmt"/>
        <line num="35" count="11" type="cond" truecount="2" falsecount="0"/>
        <line num="36" count="1" type="stmt"/>
        <line num="37" count="10" type="cond" truecount="2" falsecount="0"/>
        <line num="38" count="5" type="stmt"/>
        <line num="40" count="5" type="stmt"/>
        <line num="41" count="5" type="stmt"/>
        <line num="46" count="59" type="stmt"/>
        <line num="47" count="59" type="stmt"/>
        <line num="60" count="85" type="cond" truecount="2" falsecount="0"/>
        <line num="61" count="85" type="cond" truecount="2" falsecount="0"/>
        <line num="63" count="57" type="stmt"/>
        <line num="64" count="57" type="stmt"/>
        <line num="65" count="57" type="cond" truecount="2" falsecount="0"/>
        <line num="66" count="17" type="cond" truecount="1" falsecount="1"/>
        <line num="67" count="17" type="stmt"/>
        <line num="71" count="17" type="cond" truecount="2" falsecount="0"/>
        <line num="72" count="17" type="stmt"/>
        <line num="75" count="40" type="stmt"/>
        <line num="79" count="51" type="stmt"/>
        <line num="85" count="6" type="stmt"/>
        <line num="86" count="88" type="stmt"/>
        <line num="89" count="6" type="stmt"/>
        <line num="90" count="94" type="cond" truecount="2" falsecount="0"/>
        <line num="93" count="6" type="stmt"/>
        <line num="94" count="5" type="stmt"/>
        <line num="97" count="6" type="stmt"/>
        <line num="98" count="29" type="stmt"/>
        <line num="101" count="6" type="stmt"/>
        <line num="104" count="6" type="stmt"/>
        <line num="105" count="2" type="stmt"/>
        <line num="108" count="6" type="stmt"/>
        <line num="109" count="37" type="cond" truecount="2" falsecount="0"/>
        <line num="113" count="6" type="cond" truecount="2" falsecount="0"/>
        <line num="127" count="24" type="cond" truecount="3" falsecount="1"/>
        <line num="128" count="24" type="cond" truecount="1" falsecount="1"/>
        <line num="129" count="0" type="stmt"/>
        <line num="131" count="24" type="stmt"/>
        <line num="132" count="24" type="cond" truecount="1" falsecount="1"/>
        <line num="134" count="0" type="stmt"/>
      </file>
      <file name="withFormik.tsx" path="/Users/jared/workspace/github/jaredpalmer/formik/src/withFormik.tsx">
        <metrics statements="18" coveredstatements="18" conditionals="14" coveredconditionals="11" methods="8" coveredmethods="8"/>
        <line num="90" count="30" type="stmt"/>
        <line num="102" count="15" type="stmt"/>
        <line num="107" count="15" type="stmt"/>
        <line num="111" count="15" type="cond" truecount="2" falsecount="3"/>
        <line num="119" count="23" type="cond" truecount="3" falsecount="0"/>
        <line num="120" count="15" type="stmt"/>
        <line num="122" count="23" type="stmt"/>
        <line num="123" count="8" type="stmt"/>
        <line num="126" count="23" type="stmt"/>
        <line num="127" count="4" type="stmt"/>
        <line num="132" count="23" type="stmt"/>
        <line num="133" count="9" type="stmt"/>
        <line num="142" count="23" type="stmt"/>
        <line num="143" count="52" type="stmt"/>
        <line num="146" count="15" type="stmt"/>
        <line num="147" count="23" type="stmt"/>
        <line num="159" count="15" type="stmt"/>
        <line num="161" count="15" type="stmt"/>
      </file>
    </metrics>
  </project>
</coverage>
