{"/Users/jared/workspace/github/jaredpalmer/formik/src/FastField.tsx": {"path":"/Users/jared/workspace/github/jaredpalmer/formik/src/FastField.tsx","statementMap":{"0":{"start":{"line":18,"column":2},"end":{"line":18,"column":71}},"1":{"start":{"line":25,"column":0},"end":{"line":25,"column":69}},"2":{"start":{"line":25,"column":54},"end":{"line":28,"column":1}},"3":{"start":{"line":53,"column":4},"end":{"line":53,"column":16}},"4":{"start":{"line":90,"column":2},"end":{"line":201,"column":4}},"5":{"start":{"line":91,"column":4},"end":{"line":91,"column":16}},"6":{"start":{"line":92,"column":10},"end":{"line":99,"column":25}},"7":{"start":{"line":93,"column":6},"end":{"line":93,"column":22}},"8":{"start":{"line":94,"column":6},"end":{"line":94,"column":14}},"9":{"start":{"line":95,"column":6},"end":{"line":95,"column":12}},"10":{"start":{"line":96,"column":6},"end":{"line":96,"column":22}},"11":{"start":{"line":97,"column":6},"end":{"line":97,"column":12}},"12":{"start":{"line":98,"column":6},"end":{"line":98,"column":20}},"13":{"start":{"line":100,"column":10},"end":{"line":100,"column":45}},"14":{"start":{"line":100,"column":12},"end":{"line":100,"column":16}},"15":{"start":{"line":100,"column":18},"end":{"line":100,"column":23}},"16":{"start":{"line":100,"column":25},"end":{"line":100,"column":32}},"17":{"start":{"line":101,"column":16},"end":{"line":103,"column":47}},"18":{"start":{"line":104,"column":4},"end":{"line":200,"column":5}},"19":{"start":{"line":106,"column":6},"end":{"line":197,"column":7}},"20":{"start":{"line":107,"column":30},"end":{"line":107,"column":64}},"21":{"start":{"line":108,"column":8},"end":{"line":116,"column":9}},"22":{"start":{"line":109,"column":10},"end":{"line":109,"column":40}},"23":{"start":{"line":110,"column":11},"end":{"line":113,"column":12}},"24":{"start":{"line":111,"column":18},"end":{"line":111,"column":53}},"25":{"start":{"line":112,"column":31},"end":{"line":112,"column":55}},"26":{"start":{"line":115,"column":10},"end":{"line":115,"column":61}},"27":{"start":{"line":117,"column":13},"end":{"line":197,"column":7}},"28":{"start":{"line":119,"column":30},"end":{"line":121,"column":9}},"29":{"start":{"line":123,"column":8},"end":{"line":160,"column":9}},"30":{"start":{"line":124,"column":10},"end":{"line":124,"column":40}},"31":{"start":{"line":125,"column":11},"end":{"line":142,"column":12}},"32":{"start":{"line":126,"column":18},"end":{"line":126,"column":53}},"33":{"start":{"line":132,"column":14},"end":{"line":140,"column":15}},"34":{"start":{"line":133,"column":16},"end":{"line":133,"column":72}},"35":{"start":{"line":135,"column":16},"end":{"line":139,"column":20}},"36":{"start":{"line":135,"column":51},"end":{"line":139,"column":18}},"37":{"start":{"line":146,"column":10},"end":{"line":159,"column":11}},"38":{"start":{"line":147,"column":12},"end":{"line":150,"column":15}},"39":{"start":{"line":152,"column":12},"end":{"line":154,"column":15}},"40":{"start":{"line":155,"column":12},"end":{"line":158,"column":16}},"41":{"start":{"line":155,"column":47},"end":{"line":158,"column":14}},"42":{"start":{"line":161,"column":13},"end":{"line":197,"column":7}},"43":{"start":{"line":163,"column":23},"end":{"line":165,"column":28}},"44":{"start":{"line":166,"column":29},"end":{"line":166,"column":64}},"45":{"start":{"line":168,"column":8},"end":{"line":194,"column":9}},"46":{"start":{"line":169,"column":10},"end":{"line":169,"column":56}},"47":{"start":{"line":170,"column":10},"end":{"line":173,"column":13}},"48":{"start":{"line":175,"column":10},"end":{"line":193,"column":11}},"49":{"start":{"line":176,"column":12},"end":{"line":179,"column":15}},"50":{"start":{"line":181,"column":12},"end":{"line":183,"column":15}},"51":{"start":{"line":185,"column":12},"end":{"line":192,"column":14}},"52":{"start":{"line":186,"column":20},"end":{"line":186,"column":55}},"53":{"start":{"line":188,"column":16},"end":{"line":191,"column":19}},"54":{"start":{"line":188,"column":35},"end":{"line":191,"column":18}},"55":{"start":{"line":196,"column":8},"end":{"line":196,"column":38}},"56":{"start":{"line":199,"column":6},"end":{"line":199,"column":36}},"57":{"start":{"line":203,"column":2},"end":{"line":243,"column":4}},"58":{"start":{"line":204,"column":10},"end":{"line":204,"column":64}},"59":{"start":{"line":204,"column":12},"end":{"line":204,"column":26}},"60":{"start":{"line":204,"column":28},"end":{"line":204,"column":42}},"61":{"start":{"line":205,"column":10},"end":{"line":205,"column":41}},"62":{"start":{"line":205,"column":12},"end":{"line":205,"column":16}},"63":{"start":{"line":205,"column":18},"end":{"line":205,"column":26}},"64":{"start":{"line":208,"column":4},"end":{"line":242,"column":5}},"65":{"start":{"line":209,"column":28},"end":{"line":209,"column":62}},"66":{"start":{"line":210,"column":6},"end":{"line":234,"column":7}},"67":{"start":{"line":211,"column":9},"end":{"line":226,"column":10}},"68":{"start":{"line":213,"column":12},"end":{"line":218,"column":15}},"69":{"start":{"line":213,"column":47},"end":{"line":218,"column":14}},"70":{"start":{"line":220,"column":12},"end":{"line":225,"column":15}},"71":{"start":{"line":220,"column":47},"end":{"line":225,"column":14}},"72":{"start":{"line":228,"column":8},"end":{"line":233,"column":12}},"73":{"start":{"line":228,"column":43},"end":{"line":233,"column":10}},"74":{"start":{"line":236,"column":6},"end":{"line":241,"column":10}},"75":{"start":{"line":236,"column":41},"end":{"line":241,"column":8}},"76":{"start":{"line":54,"column":4},"end":{"line":57,"column":6}},"77":{"start":{"line":59,"column":4},"end":{"line":64,"column":6}},"78":{"start":{"line":60,"column":6},"end":{"line":63,"column":9}},"79":{"start":{"line":66,"column":4},"end":{"line":66,"column":55}},"80":{"start":{"line":68,"column":12},"end":{"line":68,"column":18}},"81":{"start":{"line":68,"column":20},"end":{"line":68,"column":28}},"82":{"start":{"line":68,"column":30},"end":{"line":68,"column":39}},"83":{"start":{"line":70,"column":4},"end":{"line":73,"column":6}},"84":{"start":{"line":75,"column":4},"end":{"line":78,"column":6}},"85":{"start":{"line":80,"column":4},"end":{"line":83,"column":6}},"86":{"start":{"line":31,"column":9},"end":{"line":48,"column":3}},"87":{"start":{"line":35,"column":27},"end":{"line":35,"column":73}},"88":{"start":{"line":36,"column":27},"end":{"line":36,"column":73}},"89":{"start":{"line":38,"column":20},"end":{"line":38,"column":24}},"90":{"start":{"line":39,"column":4},"end":{"line":41,"column":5}},"91":{"start":{"line":40,"column":6},"end":{"line":40,"column":58}},"92":{"start":{"line":43,"column":4},"end":{"line":45,"column":5}},"93":{"start":{"line":44,"column":6},"end":{"line":44,"column":58}},"94":{"start":{"line":47,"column":4},"end":{"line":47,"column":21}},"95":{"start":{"line":86,"column":2},"end":{"line":88,"column":3}},"96":{"start":{"line":87,"column":4},"end":{"line":87,"column":55}},"97":{"start":{"line":245,"column":2},"end":{"line":302,"column":3}},"98":{"start":{"line":246,"column":10},"end":{"line":254,"column":69}},"99":{"start":{"line":247,"column":6},"end":{"line":247,"column":14}},"100":{"start":{"line":248,"column":6},"end":{"line":248,"column":10}},"101":{"start":{"line":249,"column":6},"end":{"line":249,"column":12}},"102":{"start":{"line":250,"column":6},"end":{"line":250,"column":14}},"103":{"start":{"line":251,"column":6},"end":{"line":251,"column":25}},"104":{"start":{"line":252,"column":6},"end":{"line":252,"column":12}},"105":{"start":{"line":253,"column":6},"end":{"line":254,"column":69}},"106":{"start":{"line":256,"column":6},"end":{"line":256,"column":25}},"107":{"start":{"line":257,"column":6},"end":{"line":257,"column":41}},"108":{"start":{"line":258,"column":6},"end":{"line":258,"column":21}},"109":{"start":{"line":260,"column":18},"end":{"line":268,"column":5}},"110":{"start":{"line":269,"column":16},"end":{"line":273,"column":5}},"111":{"start":{"line":275,"column":4},"end":{"line":281,"column":5}},"112":{"start":{"line":276,"column":6},"end":{"line":280,"column":33}},"113":{"start":{"line":283,"column":4},"end":{"line":285,"column":5}},"114":{"start":{"line":284,"column":6},"end":{"line":284,"column":76}},"115":{"start":{"line":287,"column":4},"end":{"line":295,"column":5}},"116":{"start":{"line":288,"column":14},"end":{"line":288,"column":22}},"117":{"start":{"line":288,"column":24},"end":{"line":288,"column":31}},"118":{"start":{"line":289,"column":6},"end":{"line":294,"column":9}},"119":{"start":{"line":297,"column":4},"end":{"line":301,"column":7}},"120":{"start":{"line":303,"column":0},"end":{"line":303,"column":1}},"121":{"start":{"line":305,"column":25},"end":{"line":307,"column":1}}},"fnMap":{"0":{"name":"isEqualExceptForKey","decl":{"start":{"line":17,"column":0},"end":{"line":17,"column":28}},"loc":{"start":{"line":17,"column":57},"end":{"line":19,"column":1}}},"1":{"name":"(anonymous_1)","decl":{"start":{"line":25,"column":0},"end":{"line":null,"column":-1}},"loc":{"start":{"line":25,"column":0},"end":{"line":25,"column":-1}}},"2":{"name":"FastFieldInner","decl":{"start":{"line":50,"column":2},"end":{"line":51,"column":3}},"loc":{"start":{"line":51,"column":69},"end":{"line":84,"column":3}}},"3":{"name":"(anonymous_3)","decl":{"start":{"line":90,"column":17},"end":{"line":90,"column":17}},"loc":{"start":{"line":90,"column":43},"end":{"line":201,"column":3}}},"4":{"name":"(anonymous_4)","decl":{"start":{"line":111,"column":12},"end":{"line":111,"column":17}},"loc":{"start":{"line":111,"column":12},"end":{"line":111,"column":53}}},"5":{"name":"(anonymous_5)","decl":{"start":{"line":112,"column":12},"end":{"line":112,"column":12}},"loc":{"start":{"line":112,"column":26},"end":{"line":112,"column":55}}},"6":{"name":"(anonymous_6)","decl":{"start":{"line":126,"column":12},"end":{"line":126,"column":17}},"loc":{"start":{"line":126,"column":12},"end":{"line":126,"column":53}}},"7":{"name":"(anonymous_7)","decl":{"start":{"line":127,"column":12},"end":{"line":127,"column":12}},"loc":{"start":{"line":127,"column":23},"end":{"line":141,"column":13}}},"8":{"name":"(anonymous_8)","decl":{"start":{"line":135,"column":31},"end":{"line":135,"column":31}},"loc":{"start":{"line":135,"column":46},"end":{"line":139,"column":18}}},"9":{"name":"(anonymous_9)","decl":{"start":{"line":155,"column":27},"end":{"line":155,"column":27}},"loc":{"start":{"line":155,"column":42},"end":{"line":158,"column":14}}},"10":{"name":"(anonymous_10)","decl":{"start":{"line":186,"column":14},"end":{"line":186,"column":19}},"loc":{"start":{"line":186,"column":14},"end":{"line":186,"column":55}}},"11":{"name":"(anonymous_11)","decl":{"start":{"line":187,"column":14},"end":{"line":187,"column":14}},"loc":{"start":{"line":187,"column":23},"end":{"line":191,"column":19}}},"12":{"name":"(anonymous_12)","decl":{"start":{"line":188,"column":30},"end":{"line":188,"column":29}},"loc":{"start":{"line":188,"column":31},"end":{"line":191,"column":18}}},"13":{"name":"(anonymous_13)","decl":{"start":{"line":203,"column":15},"end":{"line":null,"column":-1}},"loc":{"start":{"line":203,"column":15},"end":{"line":243,"column":3}}},"14":{"name":"(anonymous_14)","decl":{"start":{"line":212,"column":10},"end":{"line":null,"column":-1}},"loc":{"start":{"line":212,"column":10},"end":{"line":218,"column":15}}},"15":{"name":"(anonymous_15)","decl":{"start":{"line":213,"column":27},"end":{"line":213,"column":27}},"loc":{"start":{"line":213,"column":42},"end":{"line":218,"column":14}}},"16":{"name":"(anonymous_16)","decl":{"start":{"line":219,"column":10},"end":{"line":219,"column":9}},"loc":{"start":{"line":219,"column":15},"end":{"line":225,"column":15}}},"17":{"name":"(anonymous_17)","decl":{"start":{"line":220,"column":27},"end":{"line":220,"column":27}},"loc":{"start":{"line":220,"column":42},"end":{"line":225,"column":14}}},"18":{"name":"(anonymous_18)","decl":{"start":{"line":228,"column":23},"end":{"line":228,"column":23}},"loc":{"start":{"line":228,"column":38},"end":{"line":233,"column":10}}},"19":{"name":"(anonymous_19)","decl":{"start":{"line":236,"column":21},"end":{"line":236,"column":21}},"loc":{"start":{"line":236,"column":36},"end":{"line":241,"column":8}}},"20":{"name":"(anonymous_20)","decl":{"start":{"line":59,"column":17},"end":{"line":59,"column":17}},"loc":{"start":{"line":59,"column":34},"end":{"line":64,"column":5}}},"21":{"name":"(anonymous_21)","decl":{"start":{"line":31,"column":2},"end":{"line":32,"column":3}},"loc":{"start":{"line":33,"column":29},"end":{"line":48,"column":3}}},"22":{"name":"(anonymous_22)","decl":{"start":{"line":86,"column":2},"end":{"line":null,"column":-1}},"loc":{"start":{"line":86,"column":2},"end":{"line":88,"column":3}}},"23":{"name":"(anonymous_23)","decl":{"start":{"line":245,"column":2},"end":{"line":null,"column":-1}},"loc":{"start":{"line":245,"column":2},"end":{"line":302,"column":3}}}},"branchMap":{"0":{"loc":{"start":{"line":53,"column":4},"end":{"line":53,"column":16}},"type":"binary-expr","locations":[{"start":{"line":53,"column":4},"end":{"line":53,"column":16}},{"start":{"line":53,"column":16},"end":{"line":84,"column":2}}]},"1":{"loc":{"start":{"line":102,"column":8},"end":{"line":102,"column":25}},"type":"cond-expr","locations":[{"start":{"line":102,"column":8},"end":{"line":102,"column":25}},{"start":{"line":103,"column":8},"end":{"line":103,"column":47}}]},"2":{"loc":{"start":{"line":103,"column":32},"end":{"line":103,"column":39}},"type":"cond-expr","locations":[{"start":{"line":103,"column":32},"end":{"line":103,"column":39}},{"start":{"line":103,"column":42},"end":{"line":103,"column":47}}]},"3":{"loc":{"start":{"line":104,"column":4},"end":{"line":200,"column":5}},"type":"if","locations":[{"start":{"line":104,"column":4},"end":{"line":200,"column":5}},{"start":{"line":104,"column":4},"end":{"line":200,"column":5}}]},"4":{"loc":{"start":{"line":106,"column":6},"end":{"line":197,"column":7}},"type":"if","locations":[{"start":{"line":106,"column":6},"end":{"line":197,"column":7}},{"start":{"line":106,"column":6},"end":{"line":197,"column":7}}]},"5":{"loc":{"start":{"line":108,"column":8},"end":{"line":116,"column":9}},"type":"if","locations":[{"start":{"line":108,"column":8},"end":{"line":116,"column":9}},{"start":{"line":108,"column":8},"end":{"line":116,"column":9}}]},"6":{"loc":{"start":{"line":117,"column":13},"end":{"line":197,"column":7}},"type":"if","locations":[{"start":{"line":117,"column":13},"end":{"line":197,"column":7}},{"start":{"line":117,"column":13},"end":{"line":197,"column":7}}]},"7":{"loc":{"start":{"line":123,"column":8},"end":{"line":160,"column":9}},"type":"if","locations":[{"start":{"line":123,"column":8},"end":{"line":160,"column":9}},{"start":{"line":123,"column":8},"end":{"line":160,"column":9}}]},"8":{"loc":{"start":{"line":132,"column":14},"end":{"line":140,"column":15}},"type":"if","locations":[{"start":{"line":132,"column":14},"end":{"line":140,"column":15}},{"start":{"line":132,"column":14},"end":{"line":140,"column":15}}]},"9":{"loc":{"start":{"line":146,"column":10},"end":{"line":159,"column":11}},"type":"if","locations":[{"start":{"line":146,"column":10},"end":{"line":159,"column":11}},{"start":{"line":146,"column":10},"end":{"line":159,"column":11}}]},"10":{"loc":{"start":{"line":161,"column":13},"end":{"line":197,"column":7}},"type":"if","locations":[{"start":{"line":161,"column":13},"end":{"line":197,"column":7}},{"start":{"line":161,"column":13},"end":{"line":197,"column":7}}]},"11":{"loc":{"start":{"line":164,"column":12},"end":{"line":164,"column":30}},"type":"cond-expr","locations":[{"start":{"line":164,"column":12},"end":{"line":164,"column":30}},{"start":{"line":165,"column":12},"end":{"line":165,"column":28}}]},"12":{"loc":{"start":{"line":175,"column":10},"end":{"line":193,"column":11}},"type":"if","locations":[{"start":{"line":175,"column":10},"end":{"line":193,"column":11}},{"start":{"line":175,"column":10},"end":{"line":193,"column":11}}]},"13":{"loc":{"start":{"line":208,"column":4},"end":{"line":242,"column":5}},"type":"if","locations":[{"start":{"line":208,"column":4},"end":{"line":242,"column":5}},{"start":{"line":208,"column":4},"end":{"line":242,"column":5}}]},"14":{"loc":{"start":{"line":208,"column":8},"end":{"line":208,"column":22}},"type":"binary-expr","locations":[{"start":{"line":208,"column":8},"end":{"line":208,"column":22}},{"start":{"line":208,"column":26},"end":{"line":208,"column":34}}]},"15":{"loc":{"start":{"line":210,"column":6},"end":{"line":234,"column":7}},"type":"if","locations":[{"start":{"line":210,"column":6},"end":{"line":234,"column":7}},{"start":{"line":210,"column":6},"end":{"line":234,"column":7}}]},"16":{"loc":{"start":{"line":71,"column":8},"end":{"line":71,"column":17}},"type":"binary-expr","locations":[{"start":{"line":71,"column":8},"end":{"line":71,"column":17}},{"start":{"line":71,"column":21},"end":{"line":71,"column":27}}]},"17":{"loc":{"start":{"line":76,"column":8},"end":{"line":76,"column":23}},"type":"binary-expr","locations":[{"start":{"line":76,"column":8},"end":{"line":76,"column":23}},{"start":{"line":76,"column":27},"end":{"line":76,"column":35}},{"start":{"line":76,"column":39},"end":{"line":76,"column":59}}]},"18":{"loc":{"start":{"line":81,"column":8},"end":{"line":81,"column":14}},"type":"binary-expr","locations":[{"start":{"line":81,"column":8},"end":{"line":81,"column":14}},{"start":{"line":81,"column":18},"end":{"line":81,"column":26}},{"start":{"line":81,"column":30},"end":{"line":81,"column":56}}]},"19":{"loc":{"start":{"line":39,"column":4},"end":{"line":41,"column":5}},"type":"if","locations":[{"start":{"line":39,"column":4},"end":{"line":41,"column":5}},{"start":{"line":39,"column":4},"end":{"line":41,"column":5}}]},"20":{"loc":{"start":{"line":43,"column":4},"end":{"line":45,"column":5}},"type":"if","locations":[{"start":{"line":43,"column":4},"end":{"line":45,"column":5}},{"start":{"line":43,"column":4},"end":{"line":45,"column":5}}]},"21":{"loc":{"start":{"line":251,"column":6},"end":{"line":251,"column":24}},"type":"cond-expr","locations":[{"start":{"line":251,"column":6},"end":{"line":251,"column":24}},{"start":{"line":251,"column":6},"end":{"line":251,"column":25}}]},"22":{"loc":{"start":{"line":263,"column":12},"end":{"line":263,"column":23}},"type":"cond-expr","locations":[{"start":{"line":263,"column":12},"end":{"line":263,"column":23}},{"start":{"line":264,"column":12},"end":{"line":264,"column":28}}]},"23":{"loc":{"start":{"line":262,"column":8},"end":{"line":262,"column":30}},"type":"binary-expr","locations":[{"start":{"line":262,"column":8},"end":{"line":262,"column":30}},{"start":{"line":262,"column":34},"end":{"line":262,"column":59}}]},"24":{"loc":{"start":{"line":275,"column":4},"end":{"line":281,"column":5}},"type":"if","locations":[{"start":{"line":275,"column":4},"end":{"line":281,"column":5}},{"start":{"line":275,"column":4},"end":{"line":281,"column":5}}]},"25":{"loc":{"start":{"line":283,"column":4},"end":{"line":285,"column":5}},"type":"if","locations":[{"start":{"line":283,"column":4},"end":{"line":285,"column":5}},{"start":{"line":283,"column":4},"end":{"line":285,"column":5}}]},"26":{"loc":{"start":{"line":287,"column":4},"end":{"line":295,"column":5}},"type":"if","locations":[{"start":{"line":287,"column":4},"end":{"line":295,"column":5}},{"start":{"line":287,"column":4},"end":{"line":295,"column":5}}]}},"s":{"0":0,"1":5,"2":5,"3":24,"4":24,"5":2,"6":2,"7":2,"8":2,"9":2,"10":2,"11":2,"12":2,"13":2,"14":2,"15":2,"16":2,"17":2,"18":2,"19":1,"20":1,"21":1,"22":0,"23":0,"24":0,"25":0,"26":1,"27":0,"28":0,"29":0,"30":0,"31":0,"32":0,"33":0,"34":0,"35":0,"36":0,"37":0,"38":0,"39":0,"40":0,"41":0,"42":0,"43":0,"44":0,"45":0,"46":0,"47":0,"48":0,"49":0,"50":0,"51":0,"52":0,"53":0,"54":0,"55":0,"56":1,"57":24,"58":2,"59":2,"60":2,"61":2,"62":2,"63":2,"64":2,"65":1,"66":1,"67":0,"68":0,"69":0,"70":0,"71":0,"72":1,"73":0,"74":1,"75":0,"76":24,"77":24,"78":0,"79":24,"80":24,"81":24,"82":24,"83":24,"84":24,"85":24,"86":5,"87":24,"88":24,"89":24,"90":24,"91":0,"92":24,"93":0,"94":24,"95":5,"96":19,"97":5,"98":26,"99":26,"100":26,"101":26,"102":26,"103":52,"104":26,"105":26,"106":26,"107":26,"108":26,"109":26,"110":26,"111":26,"112":5,"113":21,"114":4,"115":17,"116":10,"117":10,"118":10,"119":7,"120":5,"121":5},"f":{"0":0,"1":5,"2":24,"3":2,"4":0,"5":0,"6":0,"7":0,"8":0,"9":0,"10":0,"11":0,"12":0,"13":2,"14":0,"15":0,"16":0,"17":0,"18":0,"19":0,"20":0,"21":24,"22":19,"23":26},"b":{"0":[24,24],"1":[0,2],"2":[0,2],"3":[1,1],"4":[1,0],"5":[0,1],"6":[0,0],"7":[0,0],"8":[0,0],"9":[0,0],"10":[0,0],"11":[0,0],"12":[0,0],"13":[1,1],"14":[2,1],"15":[0,1],"16":[24,13],"17":[24,13,3],"18":[24,5,1],"19":[0,24],"20":[0,24],"21":[13,13],"22":[0,26],"23":[26,26],"24":[5,21],"25":[4,17],"26":[10,7]}}
,"/Users/jared/workspace/github/jaredpalmer/formik/src/Field.tsx": {"path":"/Users/jared/workspace/github/jaredpalmer/formik/src/Field.tsx","statementMap":{"0":{"start":{"line":89,"column":0},"end":{"line":89,"column":65}},"1":{"start":{"line":89,"column":50},"end":{"line":92,"column":1}},"2":{"start":{"line":96,"column":4},"end":{"line":96,"column":16}},"3":{"start":{"line":114,"column":2},"end":{"line":120,"column":4}},"4":{"start":{"line":115,"column":10},"end":{"line":115,"column":64}},"5":{"start":{"line":115,"column":12},"end":{"line":115,"column":24}},"6":{"start":{"line":115,"column":26},"end":{"line":115,"column":42}},"7":{"start":{"line":116,"column":4},"end":{"line":116,"column":20}},"8":{"start":{"line":117,"column":4},"end":{"line":119,"column":5}},"9":{"start":{"line":118,"column":6},"end":{"line":118,"column":47}},"10":{"start":{"line":122,"column":2},"end":{"line":128,"column":4}},"11":{"start":{"line":123,"column":10},"end":{"line":123,"column":60}},"12":{"start":{"line":123,"column":12},"end":{"line":123,"column":22}},"13":{"start":{"line":123,"column":24},"end":{"line":123,"column":38}},"14":{"start":{"line":124,"column":4},"end":{"line":124,"column":18}},"15":{"start":{"line":125,"column":4},"end":{"line":127,"column":5}},"16":{"start":{"line":126,"column":6},"end":{"line":126,"column":47}},"17":{"start":{"line":130,"column":2},"end":{"line":145,"column":4}},"18":{"start":{"line":131,"column":12},"end":{"line":131,"column":25}},"19":{"start":{"line":132,"column":10},"end":{"line":132,"column":41}},"20":{"start":{"line":132,"column":12},"end":{"line":132,"column":16}},"21":{"start":{"line":132,"column":18},"end":{"line":132,"column":26}},"22":{"start":{"line":134,"column":26},"end":{"line":134,"column":49}},"23":{"start":{"line":136,"column":4},"end":{"line":144,"column":5}},"24":{"start":{"line":137,"column":7},"end":{"line":140,"column":8}},"25":{"start":{"line":138,"column":14},"end":{"line":138,"column":51}},"26":{"start":{"line":139,"column":17},"end":{"line":139,"column":43}},"27":{"start":{"line":143,"column":6},"end":{"line":143,"column":40}},"28":{"start":{"line":97,"column":10},"end":{"line":97,"column":54}},"29":{"start":{"line":97,"column":12},"end":{"line":97,"column":18}},"30":{"start":{"line":97,"column":20},"end":{"line":97,"column":28}},"31":{"start":{"line":97,"column":30},"end":{"line":97,"column":39}},"32":{"start":{"line":98,"column":4},"end":{"line":101,"column":6}},"33":{"start":{"line":103,"column":4},"end":{"line":106,"column":6}},"34":{"start":{"line":108,"column":4},"end":{"line":111,"column":6}},"35":{"start":{"line":147,"column":2},"end":{"line":198,"column":3}},"36":{"start":{"line":148,"column":10},"end":{"line":158,"column":13}},"37":{"start":{"line":149,"column":6},"end":{"line":149,"column":14}},"38":{"start":{"line":150,"column":6},"end":{"line":150,"column":10}},"39":{"start":{"line":151,"column":6},"end":{"line":151,"column":12}},"40":{"start":{"line":152,"column":6},"end":{"line":152,"column":14}},"41":{"start":{"line":153,"column":6},"end":{"line":153,"column":25}},"42":{"start":{"line":154,"column":6},"end":{"line":154,"column":12}},"43":{"start":{"line":155,"column":6},"end":{"line":158,"column":13}},"44":{"start":{"line":160,"column":6},"end":{"line":160,"column":25}},"45":{"start":{"line":161,"column":6},"end":{"line":161,"column":41}},"46":{"start":{"line":162,"column":6},"end":{"line":162,"column":21}},"47":{"start":{"line":164,"column":18},"end":{"line":172,"column":5}},"48":{"start":{"line":173,"column":16},"end":{"line":173,"column":45}},"49":{"start":{"line":175,"column":4},"end":{"line":177,"column":5}},"50":{"start":{"line":176,"column":6},"end":{"line":176,"column":34}},"51":{"start":{"line":179,"column":4},"end":{"line":181,"column":5}},"52":{"start":{"line":180,"column":6},"end":{"line":180,"column":76}},"53":{"start":{"line":183,"column":4},"end":{"line":191,"column":5}},"54":{"start":{"line":184,"column":14},"end":{"line":184,"column":22}},"55":{"start":{"line":184,"column":24},"end":{"line":184,"column":31}},"56":{"start":{"line":185,"column":6},"end":{"line":190,"column":9}},"57":{"start":{"line":193,"column":4},"end":{"line":197,"column":7}},"58":{"start":{"line":199,"column":0},"end":{"line":199,"column":1}},"59":{"start":{"line":201,"column":21},"end":{"line":201,"column":67}}},"fnMap":{"0":{"name":"(anonymous_0)","decl":{"start":{"line":89,"column":0},"end":{"line":null,"column":-1}},"loc":{"start":{"line":89,"column":0},"end":{"line":89,"column":-1}}},"1":{"name":"FieldInner","decl":{"start":{"line":93,"column":2},"end":{"line":94,"column":3}},"loc":{"start":{"line":94,"column":69},"end":{"line":112,"column":3}}},"2":{"name":"(anonymous_2)","decl":{"start":{"line":114,"column":17},"end":{"line":114,"column":17}},"loc":{"start":{"line":114,"column":43},"end":{"line":120,"column":3}}},"3":{"name":"(anonymous_3)","decl":{"start":{"line":122,"column":15},"end":{"line":122,"column":15}},"loc":{"start":{"line":122,"column":22},"end":{"line":128,"column":3}}},"4":{"name":"(anonymous_4)","decl":{"start":{"line":130,"column":24},"end":{"line":130,"column":24}},"loc":{"start":{"line":130,"column":35},"end":{"line":145,"column":3}}},"5":{"name":"(anonymous_5)","decl":{"start":{"line":138,"column":8},"end":{"line":138,"column":13}},"loc":{"start":{"line":138,"column":8},"end":{"line":138,"column":51}}},"6":{"name":"(anonymous_6)","decl":{"start":{"line":139,"column":8},"end":{"line":139,"column":7}},"loc":{"start":{"line":139,"column":13},"end":{"line":139,"column":43}}},"7":{"name":"(anonymous_7)","decl":{"start":{"line":147,"column":2},"end":{"line":null,"column":-1}},"loc":{"start":{"line":147,"column":2},"end":{"line":198,"column":3}}}},"branchMap":{"0":{"loc":{"start":{"line":96,"column":4},"end":{"line":96,"column":16}},"type":"binary-expr","locations":[{"start":{"line":96,"column":4},"end":{"line":96,"column":16}},{"start":{"line":96,"column":16},"end":{"line":112,"column":2}}]},"1":{"loc":{"start":{"line":117,"column":4},"end":{"line":119,"column":5}},"type":"if","locations":[{"start":{"line":117,"column":4},"end":{"line":119,"column":5}},{"start":{"line":117,"column":4},"end":{"line":119,"column":5}}]},"2":{"loc":{"start":{"line":117,"column":8},"end":{"line":117,"column":26}},"type":"binary-expr","locations":[{"start":{"line":117,"column":8},"end":{"line":117,"column":26}},{"start":{"line":117,"column":30},"end":{"line":117,"column":51}}]},"3":{"loc":{"start":{"line":125,"column":4},"end":{"line":127,"column":5}},"type":"if","locations":[{"start":{"line":125,"column":4},"end":{"line":127,"column":5}},{"start":{"line":125,"column":4},"end":{"line":127,"column":5}}]},"4":{"loc":{"start":{"line":125,"column":8},"end":{"line":125,"column":24}},"type":"binary-expr","locations":[{"start":{"line":125,"column":8},"end":{"line":125,"column":24}},{"start":{"line":125,"column":28},"end":{"line":125,"column":49}}]},"5":{"loc":{"start":{"line":136,"column":4},"end":{"line":144,"column":5}},"type":"if","locations":[{"start":{"line":136,"column":4},"end":{"line":144,"column":5}},{"start":{"line":136,"column":4},"end":{"line":144,"column":5}}]},"6":{"loc":{"start":{"line":99,"column":8},"end":{"line":99,"column":17}},"type":"binary-expr","locations":[{"start":{"line":99,"column":8},"end":{"line":99,"column":17}},{"start":{"line":99,"column":21},"end":{"line":99,"column":27}}]},"7":{"loc":{"start":{"line":104,"column":8},"end":{"line":104,"column":17}},"type":"binary-expr","locations":[{"start":{"line":104,"column":8},"end":{"line":104,"column":17}},{"start":{"line":104,"column":21},"end":{"line":104,"column":29}},{"start":{"line":104,"column":33},"end":{"line":104,"column":53}}]},"8":{"loc":{"start":{"line":109,"column":8},"end":{"line":109,"column":14}},"type":"binary-expr","locations":[{"start":{"line":109,"column":8},"end":{"line":109,"column":14}},{"start":{"line":109,"column":18},"end":{"line":109,"column":26}},{"start":{"line":109,"column":30},"end":{"line":109,"column":56}}]},"9":{"loc":{"start":{"line":153,"column":6},"end":{"line":153,"column":24}},"type":"cond-expr","locations":[{"start":{"line":153,"column":6},"end":{"line":153,"column":24}},{"start":{"line":153,"column":6},"end":{"line":153,"column":25}}]},"10":{"loc":{"start":{"line":167,"column":12},"end":{"line":167,"column":23}},"type":"cond-expr","locations":[{"start":{"line":167,"column":12},"end":{"line":167,"column":23}},{"start":{"line":168,"column":12},"end":{"line":168,"column":38}}]},"11":{"loc":{"start":{"line":166,"column":8},"end":{"line":166,"column":30}},"type":"binary-expr","locations":[{"start":{"line":166,"column":8},"end":{"line":166,"column":30}},{"start":{"line":166,"column":34},"end":{"line":166,"column":59}}]},"12":{"loc":{"start":{"line":170,"column":27},"end":{"line":170,"column":44}},"type":"cond-expr","locations":[{"start":{"line":170,"column":27},"end":{"line":170,"column":44}},{"start":{"line":170,"column":47},"end":{"line":170,"column":66}}]},"13":{"loc":{"start":{"line":171,"column":25},"end":{"line":171,"column":40}},"type":"cond-expr","locations":[{"start":{"line":171,"column":25},"end":{"line":171,"column":40}},{"start":{"line":171,"column":43},"end":{"line":171,"column":60}}]},"14":{"loc":{"start":{"line":175,"column":4},"end":{"line":177,"column":5}},"type":"if","locations":[{"start":{"line":175,"column":4},"end":{"line":177,"column":5}},{"start":{"line":175,"column":4},"end":{"line":177,"column":5}}]},"15":{"loc":{"start":{"line":179,"column":4},"end":{"line":181,"column":5}},"type":"if","locations":[{"start":{"line":179,"column":4},"end":{"line":181,"column":5}},{"start":{"line":179,"column":4},"end":{"line":181,"column":5}}]},"16":{"loc":{"start":{"line":183,"column":4},"end":{"line":191,"column":5}},"type":"if","locations":[{"start":{"line":183,"column":4},"end":{"line":191,"column":5}},{"start":{"line":183,"column":4},"end":{"line":191,"column":5}}]}},"s":{"0":5,"1":5,"2":24,"3":24,"4":2,"5":2,"6":2,"7":2,"8":2,"9":1,"10":24,"11":2,"12":2,"13":2,"14":2,"15":2,"16":1,"17":24,"18":2,"19":2,"20":2,"21":2,"22":2,"23":2,"24":0,"25":0,"26":0,"27":2,"28":24,"29":24,"30":24,"31":24,"32":24,"33":24,"34":24,"35":5,"36":24,"37":24,"38":24,"39":24,"40":24,"41":48,"42":24,"43":24,"44":24,"45":24,"46":24,"47":24,"48":24,"49":24,"50":5,"51":19,"52":4,"53":15,"54":8,"55":8,"56":8,"57":7,"58":5,"59":5},"f":{"0":5,"1":24,"2":2,"3":2,"4":2,"5":0,"6":0,"7":24},"b":{"0":[24,24],"1":[1,1],"2":[2,1],"3":[1,1],"4":[2,1],"5":[0,2],"6":[24,13],"7":[24,13,3],"8":[24,5,1],"9":[11,13],"10":[0,24],"11":[24,24],"12":[4,20],"13":[4,20],"14":[5,19],"15":[4,15],"16":[8,7]}}
,"/Users/jared/workspace/github/jaredpalmer/formik/src/FieldArray.tsx": {"path":"/Users/jared/workspace/github/jaredpalmer/formik/src/FieldArray.tsx","statementMap":{"0":{"start":{"line":55,"column":20},"end":{"line":61,"column":1}},"1":{"start":{"line":56,"column":19},"end":{"line":56,"column":33}},"2":{"start":{"line":57,"column":16},"end":{"line":57,"column":26}},"3":{"start":{"line":58,"column":2},"end":{"line":58,"column":23}},"4":{"start":{"line":59,"column":2},"end":{"line":59,"column":28}},"5":{"start":{"line":60,"column":2},"end":{"line":60,"column":14}},"6":{"start":{"line":63,"column":20},"end":{"line":69,"column":1}},"7":{"start":{"line":64,"column":19},"end":{"line":64,"column":33}},"8":{"start":{"line":65,"column":12},"end":{"line":65,"column":24}},"9":{"start":{"line":66,"column":2},"end":{"line":66,"column":30}},"10":{"start":{"line":67,"column":2},"end":{"line":67,"column":19}},"11":{"start":{"line":68,"column":2},"end":{"line":68,"column":14}},"12":{"start":{"line":71,"column":22},"end":{"line":75,"column":1}},"13":{"start":{"line":72,"column":19},"end":{"line":72,"column":33}},"14":{"start":{"line":73,"column":2},"end":{"line":73,"column":31}},"15":{"start":{"line":74,"column":2},"end":{"line":74,"column":14}},"16":{"start":{"line":77,"column":23},"end":{"line":81,"column":1}},"17":{"start":{"line":78,"column":19},"end":{"line":78,"column":33}},"18":{"start":{"line":79,"column":2},"end":{"line":79,"column":22}},"19":{"start":{"line":80,"column":2},"end":{"line":80,"column":14}},"20":{"start":{"line":82,"column":0},"end":{"line":82,"column":58}},"21":{"start":{"line":82,"column":43},"end":{"line":85,"column":1}},"22":{"start":{"line":91,"column":4},"end":{"line":91,"column":16}},"23":{"start":{"line":97,"column":2},"end":{"line":124,"column":4}},"24":{"start":{"line":102,"column":10},"end":{"line":106,"column":18}},"25":{"start":{"line":103,"column":6},"end":{"line":103,"column":10}},"26":{"start":{"line":104,"column":6},"end":{"line":104,"column":22}},"27":{"start":{"line":105,"column":6},"end":{"line":105,"column":71}},"28":{"start":{"line":105,"column":16},"end":{"line":105,"column":30}},"29":{"start":{"line":105,"column":32},"end":{"line":105,"column":44}},"30":{"start":{"line":105,"column":46},"end":{"line":105,"column":52}},"31":{"start":{"line":105,"column":54},"end":{"line":105,"column":61}},"32":{"start":{"line":105,"column":63},"end":{"line":105,"column":69}},"33":{"start":{"line":107,"column":4},"end":{"line":123,"column":6}},"34":{"start":{"line":108,"column":39},"end":{"line":117,"column":8}},"35":{"start":{"line":119,"column":8},"end":{"line":121,"column":9}},"36":{"start":{"line":120,"column":10},"end":{"line":120,"column":25}},"37":{"start":{"line":126,"column":2},"end":{"line":131,"column":6}},"38":{"start":{"line":127,"column":4},"end":{"line":131,"column":5}},"39":{"start":{"line":128,"column":24},"end":{"line":128,"column":48}},"40":{"start":{"line":133,"column":2},"end":{"line":133,"column":54}},"41":{"start":{"line":133,"column":31},"end":{"line":133,"column":53}},"42":{"start":{"line":133,"column":37},"end":{"line":133,"column":53}},"43":{"start":{"line":135,"column":2},"end":{"line":140,"column":6}},"44":{"start":{"line":136,"column":4},"end":{"line":140,"column":5}},"45":{"start":{"line":137,"column":24},"end":{"line":137,"column":51}},"46":{"start":{"line":142,"column":2},"end":{"line":143,"column":30}},"47":{"start":{"line":142,"column":51},"end":{"line":143,"column":29}},"48":{"start":{"line":143,"column":4},"end":{"line":143,"column":29}},"49":{"start":{"line":145,"column":2},"end":{"line":150,"column":6}},"50":{"start":{"line":146,"column":4},"end":{"line":150,"column":5}},"51":{"start":{"line":147,"column":24},"end":{"line":147,"column":45}},"52":{"start":{"line":152,"column":2},"end":{"line":152,"column":71}},"53":{"start":{"line":152,"column":45},"end":{"line":152,"column":70}},"54":{"start":{"line":152,"column":51},"end":{"line":152,"column":70}},"55":{"start":{"line":154,"column":2},"end":{"line":159,"column":6}},"56":{"start":{"line":155,"column":4},"end":{"line":159,"column":5}},"57":{"start":{"line":156,"column":24},"end":{"line":156,"column":51}},"58":{"start":{"line":161,"column":2},"end":{"line":161,"column":80}},"59":{"start":{"line":161,"column":48},"end":{"line":161,"column":79}},"60":{"start":{"line":161,"column":54},"end":{"line":161,"column":79}},"61":{"start":{"line":163,"column":2},"end":{"line":168,"column":6}},"62":{"start":{"line":164,"column":4},"end":{"line":168,"column":5}},"63":{"start":{"line":165,"column":24},"end":{"line":165,"column":52}},"64":{"start":{"line":170,"column":2},"end":{"line":171,"column":31}},"65":{"start":{"line":170,"column":49},"end":{"line":171,"column":30}},"66":{"start":{"line":171,"column":4},"end":{"line":171,"column":30}},"67":{"start":{"line":173,"column":2},"end":{"line":184,"column":4}},"68":{"start":{"line":174,"column":14},"end":{"line":174,"column":16}},"69":{"start":{"line":175,"column":4},"end":{"line":182,"column":6}},"70":{"start":{"line":177,"column":8},"end":{"line":177,"column":50}},"71":{"start":{"line":178,"column":8},"end":{"line":178,"column":19}},"72":{"start":{"line":183,"column":4},"end":{"line":183,"column":22}},"73":{"start":{"line":186,"column":2},"end":{"line":186,"column":60}},"74":{"start":{"line":186,"column":34},"end":{"line":186,"column":59}},"75":{"start":{"line":186,"column":40},"end":{"line":186,"column":59}},"76":{"start":{"line":210,"column":2},"end":{"line":210,"column":66}},"77":{"start":{"line":210,"column":36},"end":{"line":210,"column":65}},"78":{"start":{"line":210,"column":42},"end":{"line":210,"column":65}},"79":{"start":{"line":231,"column":2},"end":{"line":231,"column":42}},"80":{"start":{"line":231,"column":20},"end":{"line":231,"column":41}},"81":{"start":{"line":231,"column":26},"end":{"line":231,"column":41}},"82":{"start":{"line":93,"column":4},"end":{"line":93,"column":41}},"83":{"start":{"line":94,"column":4},"end":{"line":94,"column":35}},"84":{"start":{"line":188,"column":2},"end":{"line":208,"column":3}},"85":{"start":{"line":191,"column":4},"end":{"line":205,"column":6}},"86":{"start":{"line":194,"column":21},"end":{"line":194,"column":44}},"87":{"start":{"line":195,"column":8},"end":{"line":197,"column":9}},"88":{"start":{"line":196,"column":10},"end":{"line":196,"column":31}},"89":{"start":{"line":198,"column":8},"end":{"line":200,"column":9}},"90":{"start":{"line":199,"column":10},"end":{"line":199,"column":32}},"91":{"start":{"line":201,"column":8},"end":{"line":201,"column":20}},"92":{"start":{"line":207,"column":4},"end":{"line":207,"column":18}},"93":{"start":{"line":212,"column":2},"end":{"line":229,"column":3}},"94":{"start":{"line":215,"column":4},"end":{"line":226,"column":6}},"95":{"start":{"line":218,"column":20},"end":{"line":218,"column":25}},"96":{"start":{"line":219,"column":8},"end":{"line":221,"column":9}},"97":{"start":{"line":220,"column":10},"end":{"line":220,"column":47}},"98":{"start":{"line":222,"column":8},"end":{"line":222,"column":19}},"99":{"start":{"line":228,"column":4},"end":{"line":228,"column":18}},"100":{"start":{"line":233,"column":2},"end":{"line":276,"column":3}},"101":{"start":{"line":234,"column":39},"end":{"line":251,"column":5}},"102":{"start":{"line":253,"column":10},"end":{"line":263,"column":18}},"103":{"start":{"line":254,"column":6},"end":{"line":254,"column":15}},"104":{"start":{"line":255,"column":6},"end":{"line":255,"column":12}},"105":{"start":{"line":256,"column":6},"end":{"line":256,"column":14}},"106":{"start":{"line":257,"column":6},"end":{"line":257,"column":10}},"107":{"start":{"line":258,"column":6},"end":{"line":262,"column":7}},"108":{"start":{"line":259,"column":8},"end":{"line":259,"column":27}},"109":{"start":{"line":260,"column":8},"end":{"line":260,"column":43}},"110":{"start":{"line":261,"column":8},"end":{"line":263,"column":18}},"111":{"start":{"line":265,"column":15},"end":{"line":265,"column":63}},"112":{"start":{"line":267,"column":4},"end":{"line":275,"column":17}},"113":{"start":{"line":86,"column":9},"end":{"line":88,"column":4}},"114":{"start":{"line":277,"column":0},"end":{"line":277,"column":1}},"115":{"start":{"line":279,"column":26},"end":{"line":279,"column":73}}},"fnMap":{"0":{"name":"(anonymous_0)","decl":{"start":{"line":55,"column":20},"end":{"line":55,"column":20}},"loc":{"start":{"line":55,"column":59},"end":{"line":61,"column":1}}},"1":{"name":"(anonymous_1)","decl":{"start":{"line":63,"column":20},"end":{"line":63,"column":20}},"loc":{"start":{"line":63,"column":65},"end":{"line":69,"column":1}}},"2":{"name":"(anonymous_2)","decl":{"start":{"line":71,"column":22},"end":{"line":71,"column":22}},"loc":{"start":{"line":71,"column":62},"end":{"line":75,"column":1}}},"3":{"name":"(anonymous_3)","decl":{"start":{"line":77,"column":23},"end":{"line":77,"column":23}},"loc":{"start":{"line":77,"column":63},"end":{"line":81,"column":1}}},"4":{"name":"(anonymous_4)","decl":{"start":{"line":82,"column":0},"end":{"line":null,"column":-1}},"loc":{"start":{"line":82,"column":0},"end":{"line":82,"column":-1}}},"5":{"name":"FieldArrayInner","decl":{"start":{"line":90,"column":2},"end":{"line":90,"column":13}},"loc":{"start":{"line":90,"column":73},"end":{"line":95,"column":3}}},"6":{"name":"(anonymous_6)","decl":{"start":{"line":97,"column":21},"end":{"line":98,"column":3}},"loc":{"start":{"line":100,"column":24},"end":{"line":124,"column":3}}},"7":{"name":"(anonymous_7)","decl":{"start":{"line":108,"column":6},"end":{"line":108,"column":6}},"loc":{"start":{"line":108,"column":34},"end":{"line":117,"column":8}}},"8":{"name":"(anonymous_8)","decl":{"start":{"line":118,"column":6},"end":{"line":null,"column":-1}},"loc":{"start":{"line":118,"column":6},"end":{"line":122,"column":7}}},"9":{"name":"(anonymous_9)","decl":{"start":{"line":126,"column":9},"end":{"line":126,"column":9}},"loc":{"start":{"line":126,"column":20},"end":{"line":131,"column":5}}},"10":{"name":"(anonymous_10)","decl":{"start":{"line":128,"column":6},"end":{"line":128,"column":6}},"loc":{"start":{"line":128,"column":19},"end":{"line":128,"column":49}}},"11":{"name":"(anonymous_11)","decl":{"start":{"line":133,"column":15},"end":{"line":133,"column":15}},"loc":{"start":{"line":133,"column":26},"end":{"line":133,"column":53}}},"12":{"name":"(anonymous_12)","decl":{"start":{"line":133,"column":31},"end":{"line":133,"column":36}},"loc":{"start":{"line":133,"column":31},"end":{"line":133,"column":53}}},"13":{"name":"(anonymous_13)","decl":{"start":{"line":135,"column":9},"end":{"line":135,"column":9}},"loc":{"start":{"line":135,"column":40},"end":{"line":140,"column":5}}},"14":{"name":"(anonymous_14)","decl":{"start":{"line":137,"column":6},"end":{"line":137,"column":6}},"loc":{"start":{"line":137,"column":19},"end":{"line":137,"column":51}}},"15":{"name":"(anonymous_15)","decl":{"start":{"line":142,"column":15},"end":{"line":142,"column":15}},"loc":{"start":{"line":142,"column":46},"end":{"line":143,"column":29}}},"16":{"name":"(anonymous_16)","decl":{"start":{"line":142,"column":51},"end":{"line":null,"column":-1}},"loc":{"start":{"line":142,"column":51},"end":{"line":143,"column":29}}},"17":{"name":"(anonymous_17)","decl":{"start":{"line":145,"column":9},"end":{"line":145,"column":9}},"loc":{"start":{"line":145,"column":34},"end":{"line":150,"column":5}}},"18":{"name":"(anonymous_18)","decl":{"start":{"line":147,"column":6},"end":{"line":147,"column":6}},"loc":{"start":{"line":147,"column":19},"end":{"line":147,"column":45}}},"19":{"name":"(anonymous_19)","decl":{"start":{"line":152,"column":15},"end":{"line":152,"column":15}},"loc":{"start":{"line":152,"column":40},"end":{"line":152,"column":70}}},"20":{"name":"(anonymous_20)","decl":{"start":{"line":152,"column":45},"end":{"line":152,"column":50}},"loc":{"start":{"line":152,"column":45},"end":{"line":152,"column":70}}},"21":{"name":"(anonymous_21)","decl":{"start":{"line":154,"column":11},"end":{"line":154,"column":11}},"loc":{"start":{"line":154,"column":37},"end":{"line":159,"column":5}}},"22":{"name":"(anonymous_22)","decl":{"start":{"line":156,"column":6},"end":{"line":156,"column":6}},"loc":{"start":{"line":156,"column":19},"end":{"line":156,"column":51}}},"23":{"name":"(anonymous_23)","decl":{"start":{"line":161,"column":17},"end":{"line":161,"column":17}},"loc":{"start":{"line":161,"column":43},"end":{"line":161,"column":79}}},"24":{"name":"(anonymous_24)","decl":{"start":{"line":161,"column":48},"end":{"line":161,"column":53}},"loc":{"start":{"line":161,"column":48},"end":{"line":161,"column":79}}},"25":{"name":"(anonymous_25)","decl":{"start":{"line":163,"column":12},"end":{"line":163,"column":12}},"loc":{"start":{"line":163,"column":38},"end":{"line":168,"column":5}}},"26":{"name":"(anonymous_26)","decl":{"start":{"line":165,"column":6},"end":{"line":165,"column":6}},"loc":{"start":{"line":165,"column":19},"end":{"line":165,"column":52}}},"27":{"name":"(anonymous_27)","decl":{"start":{"line":170,"column":18},"end":{"line":170,"column":18}},"loc":{"start":{"line":170,"column":44},"end":{"line":171,"column":30}}},"28":{"name":"(anonymous_28)","decl":{"start":{"line":170,"column":49},"end":{"line":null,"column":-1}},"loc":{"start":{"line":170,"column":49},"end":{"line":171,"column":30}}},"29":{"name":"(anonymous_29)","decl":{"start":{"line":173,"column":12},"end":{"line":173,"column":12}},"loc":{"start":{"line":173,"column":23},"end":{"line":184,"column":3}}},"30":{"name":"(anonymous_30)","decl":{"start":{"line":176,"column":6},"end":{"line":176,"column":6}},"loc":{"start":{"line":176,"column":19},"end":{"line":179,"column":7}}},"31":{"name":"(anonymous_31)","decl":{"start":{"line":186,"column":18},"end":{"line":186,"column":18}},"loc":{"start":{"line":186,"column":29},"end":{"line":186,"column":59}}},"32":{"name":"(anonymous_32)","decl":{"start":{"line":186,"column":34},"end":{"line":186,"column":39}},"loc":{"start":{"line":186,"column":34},"end":{"line":186,"column":59}}},"33":{"name":"(anonymous_33)","decl":{"start":{"line":210,"column":17},"end":{"line":210,"column":17}},"loc":{"start":{"line":210,"column":31},"end":{"line":210,"column":65}}},"34":{"name":"(anonymous_34)","decl":{"start":{"line":210,"column":36},"end":{"line":210,"column":41}},"loc":{"start":{"line":210,"column":36},"end":{"line":210,"column":65}}},"35":{"name":"(anonymous_35)","decl":{"start":{"line":231,"column":14},"end":{"line":231,"column":19}},"loc":{"start":{"line":231,"column":14},"end":{"line":231,"column":41}}},"36":{"name":"(anonymous_36)","decl":{"start":{"line":231,"column":20},"end":{"line":231,"column":25}},"loc":{"start":{"line":231,"column":20},"end":{"line":231,"column":41}}},"37":{"name":"(anonymous_37)","decl":{"start":{"line":188,"column":2},"end":{"line":188,"column":11}},"loc":{"start":{"line":188,"column":25},"end":{"line":208,"column":3}}},"38":{"name":"(anonymous_38)","decl":{"start":{"line":193,"column":6},"end":{"line":193,"column":6}},"loc":{"start":{"line":193,"column":20},"end":{"line":202,"column":7}}},"39":{"name":"(anonymous_39)","decl":{"start":{"line":212,"column":2},"end":{"line":null,"column":-1}},"loc":{"start":{"line":212,"column":2},"end":{"line":229,"column":3}}},"40":{"name":"(anonymous_40)","decl":{"start":{"line":217,"column":6},"end":{"line":217,"column":6}},"loc":{"start":{"line":217,"column":19},"end":{"line":223,"column":7}}},"41":{"name":"(anonymous_41)","decl":{"start":{"line":233,"column":2},"end":{"line":null,"column":-1}},"loc":{"start":{"line":233,"column":2},"end":{"line":276,"column":3}}}},"branchMap":{"0":{"loc":{"start":{"line":56,"column":20},"end":{"line":56,"column":25}},"type":"binary-expr","locations":[{"start":{"line":56,"column":20},"end":{"line":56,"column":25}},{"start":{"line":56,"column":29},"end":{"line":56,"column":31}}]},"1":{"loc":{"start":{"line":64,"column":20},"end":{"line":64,"column":25}},"type":"binary-expr","locations":[{"start":{"line":64,"column":20},"end":{"line":64,"column":25}},{"start":{"line":64,"column":29},"end":{"line":64,"column":31}}]},"2":{"loc":{"start":{"line":72,"column":20},"end":{"line":72,"column":25}},"type":"binary-expr","locations":[{"start":{"line":72,"column":20},"end":{"line":72,"column":25}},{"start":{"line":72,"column":29},"end":{"line":72,"column":31}}]},"3":{"loc":{"start":{"line":78,"column":20},"end":{"line":78,"column":25}},"type":"binary-expr","locations":[{"start":{"line":78,"column":20},"end":{"line":78,"column":25}},{"start":{"line":78,"column":29},"end":{"line":78,"column":31}}]},"4":{"loc":{"start":{"line":91,"column":4},"end":{"line":91,"column":16}},"type":"binary-expr","locations":[{"start":{"line":91,"column":4},"end":{"line":91,"column":16}},{"start":{"line":91,"column":16},"end":{"line":95,"column":2}}]},"5":{"loc":{"start":{"line":112,"column":12},"end":{"line":112,"column":66}},"type":"cond-expr","locations":[{"start":{"line":112,"column":12},"end":{"line":112,"column":66}},{"start":{"line":113,"column":12},"end":{"line":113,"column":28}}]},"6":{"loc":{"start":{"line":115,"column":12},"end":{"line":115,"column":68}},"type":"cond-expr","locations":[{"start":{"line":115,"column":12},"end":{"line":115,"column":68}},{"start":{"line":116,"column":12},"end":{"line":116,"column":29}}]},"7":{"loc":{"start":{"line":119,"column":8},"end":{"line":121,"column":9}},"type":"if","locations":[{"start":{"line":119,"column":8},"end":{"line":121,"column":9}},{"start":{"line":119,"column":8},"end":{"line":121,"column":9}}]},"8":{"loc":{"start":{"line":128,"column":29},"end":{"line":128,"column":34}},"type":"binary-expr","locations":[{"start":{"line":128,"column":29},"end":{"line":128,"column":34}},{"start":{"line":128,"column":38},"end":{"line":128,"column":40}}]},"9":{"loc":{"start":{"line":177,"column":21},"end":{"line":177,"column":38}},"type":"cond-expr","locations":[{"start":{"line":177,"column":21},"end":{"line":177,"column":38}},{"start":{"line":177,"column":42},"end":{"line":177,"column":49}}]},"10":{"loc":{"start":{"line":194,"column":33},"end":{"line":194,"column":38}},"type":"cond-expr","locations":[{"start":{"line":194,"column":33},"end":{"line":194,"column":38}},{"start":{"line":194,"column":42},"end":{"line":194,"column":44}}]},"11":{"loc":{"start":{"line":195,"column":8},"end":{"line":197,"column":9}},"type":"if","locations":[{"start":{"line":195,"column":8},"end":{"line":197,"column":9}},{"start":{"line":195,"column":8},"end":{"line":197,"column":9}}]},"12":{"loc":{"start":{"line":198,"column":8},"end":{"line":200,"column":9}},"type":"if","locations":[{"start":{"line":198,"column":8},"end":{"line":200,"column":9}},{"start":{"line":198,"column":8},"end":{"line":200,"column":9}}]},"13":{"loc":{"start":{"line":219,"column":8},"end":{"line":221,"column":9}},"type":"if","locations":[{"start":{"line":219,"column":8},"end":{"line":221,"column":9}},{"start":{"line":219,"column":8},"end":{"line":221,"column":9}}]},"14":{"loc":{"start":{"line":220,"column":19},"end":{"line":220,"column":22}},"type":"binary-expr","locations":[{"start":{"line":220,"column":19},"end":{"line":220,"column":22}},{"start":{"line":220,"column":26},"end":{"line":220,"column":33}},{"start":{"line":220,"column":37},"end":{"line":220,"column":46}}]},"15":{"loc":{"start":{"line":268,"column":8},"end":{"line":268,"column":52}},"type":"cond-expr","locations":[{"start":{"line":268,"column":8},"end":{"line":268,"column":52}},{"start":{"line":269,"column":8},"end":{"line":275,"column":16}}]},"16":{"loc":{"start":{"line":270,"column":11},"end":{"line":270,"column":32}},"type":"cond-expr","locations":[{"start":{"line":270,"column":11},"end":{"line":270,"column":32}},{"start":{"line":271,"column":10},"end":{"line":275,"column":16}}]},"17":{"loc":{"start":{"line":272,"column":12},"end":{"line":274,"column":79}},"type":"cond-expr","locations":[{"start":{"line":272,"column":12},"end":{"line":274,"column":79}},{"start":{"line":275,"column":12},"end":{"line":275,"column":16}}]},"18":{"loc":{"start":{"line":273,"column":15},"end":{"line":273,"column":38}},"type":"cond-expr","locations":[{"start":{"line":273,"column":15},"end":{"line":273,"column":38}},{"start":{"line":274,"column":14},"end":{"line":274,"column":79}}]},"19":{"loc":{"start":{"line":274,"column":43},"end":{"line":274,"column":72}},"type":"cond-expr","locations":[{"start":{"line":274,"column":43},"end":{"line":274,"column":72}},{"start":{"line":274,"column":75},"end":{"line":274,"column":79}}]}},"s":{"0":5,"1":0,"2":0,"3":0,"4":0,"5":0,"6":5,"7":1,"8":1,"9":1,"10":1,"11":1,"12":5,"13":1,"14":1,"15":1,"16":5,"17":1,"18":1,"19":1,"20":5,"21":5,"22":10,"23":10,"24":7,"25":7,"26":7,"27":7,"28":7,"29":7,"30":7,"31":7,"32":7,"33":7,"34":7,"35":7,"36":7,"37":10,"38":1,"39":1,"40":10,"41":0,"42":0,"43":10,"44":1,"45":1,"46":10,"47":0,"48":0,"49":10,"50":0,"51":0,"52":10,"53":0,"54":0,"55":10,"56":1,"57":1,"58":10,"59":0,"60":0,"61":10,"62":1,"63":1,"64":10,"65":0,"66":0,"67":10,"68":1,"69":1,"70":1,"71":1,"72":1,"73":10,"74":0,"75":0,"76":10,"77":0,"78":0,"79":10,"80":0,"81":0,"82":10,"83":10,"84":5,"85":1,"86":3,"87":3,"88":1,"89":3,"90":3,"91":3,"92":1,"93":5,"94":1,"95":3,"96":3,"97":1,"98":3,"99":1,"100":5,"101":17,"102":17,"103":17,"104":17,"105":17,"106":17,"107":17,"108":17,"109":17,"110":17,"111":17,"112":17,"113":5,"114":5,"115":5},"f":{"0":0,"1":1,"2":1,"3":1,"4":5,"5":10,"6":7,"7":7,"8":7,"9":1,"10":1,"11":0,"12":0,"13":1,"14":1,"15":0,"16":0,"17":0,"18":0,"19":0,"20":0,"21":1,"22":1,"23":0,"24":0,"25":1,"26":1,"27":0,"28":0,"29":1,"30":1,"31":0,"32":0,"33":0,"34":0,"35":0,"36":0,"37":1,"38":3,"39":1,"40":3,"41":17},"b":{"0":[0,0],"1":[1,0],"2":[1,0],"3":[1,0],"4":[10,10],"5":[2,5],"6":[2,5],"7":[7,0],"8":[1,0],"9":[1,0],"10":[1,2],"11":[1,2],"12":[3,0],"13":[1,2],"14":[1,1,1],"15":[1,16],"16":[15,1],"17":[1,0],"18":[1,0],"19":[0,0]}}
,"/Users/jared/workspace/github/jaredpalmer/formik/src/Form.tsx": {"path":"/Users/jared/workspace/github/jaredpalmer/formik/src/Form.tsx","statementMap":{"0":{"start":{"line":4,"column":20},"end":{"line":6,"column":2}},"1":{"start":{"line":4,"column":46},"end":{"line":4,"column":58}},"2":{"start":{"line":4,"column":62},"end":{"line":4,"column":70}},"3":{"start":{"line":4,"column":77},"end":{"line":6,"column":1}},"4":{"start":{"line":8,"column":0},"end":{"line":8,"column":26}}},"fnMap":{"0":{"name":"(anonymous_0)","decl":{"start":{"line":4,"column":33},"end":{"line":4,"column":33}},"loc":{"start":{"line":4,"column":72},"end":{"line":6,"column":1}}}},"branchMap":{},"s":{"0":5,"1":0,"2":0,"3":0,"4":5},"f":{"0":0},"b":{}}
,"/Users/jared/workspace/github/jaredpalmer/formik/src/Formik.tsx": {"path":"/Users/jared/workspace/github/jaredpalmer/formik/src/Formik.tsx","statementMap":{"0":{"start":{"line":25,"column":0},"end":{"line":25,"column":77}},"1":{"start":{"line":25,"column":62},"end":{"line":28,"column":1}},"2":{"start":{"line":47,"column":4},"end":{"line":47,"column":16}},"3":{"start":{"line":38,"column":2},"end":{"line":40,"column":9}},"4":{"start":{"line":41,"column":2},"end":{"line":43,"column":9}},"5":{"start":{"line":74,"column":2},"end":{"line":76,"column":4}},"6":{"start":{"line":75,"column":4},"end":{"line":75,"column":32}},"7":{"start":{"line":78,"column":2},"end":{"line":80,"column":4}},"8":{"start":{"line":79,"column":4},"end":{"line":79,"column":29}},"9":{"start":{"line":94,"column":2},"end":{"line":96,"column":4}},"10":{"start":{"line":95,"column":4},"end":{"line":95,"column":30}},"11":{"start":{"line":98,"column":2},"end":{"line":104,"column":4}},"12":{"start":{"line":99,"column":4},"end":{"line":103,"column":7}},"13":{"start":{"line":100,"column":6},"end":{"line":102,"column":7}},"14":{"start":{"line":101,"column":8},"end":{"line":101,"column":47}},"15":{"start":{"line":106,"column":2},"end":{"line":114,"column":4}},"16":{"start":{"line":107,"column":4},"end":{"line":113,"column":7}},"17":{"start":{"line":108,"column":6},"end":{"line":108,"column":32}},"18":{"start":{"line":110,"column":6},"end":{"line":112,"column":7}},"19":{"start":{"line":111,"column":8},"end":{"line":111,"column":36}},"20":{"start":{"line":116,"column":2},"end":{"line":118,"column":4}},"21":{"start":{"line":117,"column":4},"end":{"line":117,"column":30}},"22":{"start":{"line":120,"column":2},"end":{"line":127,"column":4}},"23":{"start":{"line":121,"column":4},"end":{"line":125,"column":5}},"24":{"start":{"line":122,"column":6},"end":{"line":124,"column":8}},"25":{"start":{"line":126,"column":4},"end":{"line":126,"column":29}},"26":{"start":{"line":129,"column":2},"end":{"line":131,"column":4}},"27":{"start":{"line":130,"column":4},"end":{"line":130,"column":36}},"28":{"start":{"line":136,"column":2},"end":{"line":151,"column":4}},"29":{"start":{"line":137,"column":12},"end":{"line":137,"column":28}},"30":{"start":{"line":138,"column":19},"end":{"line":140,"column":24}},"31":{"start":{"line":141,"column":4},"end":{"line":150,"column":6}},"32":{"start":{"line":143,"column":8},"end":{"line":143,"column":38}},"33":{"start":{"line":144,"column":8},"end":{"line":146,"column":9}},"34":{"start":{"line":145,"column":10},"end":{"line":145,"column":22}},"35":{"start":{"line":149,"column":8},"end":{"line":149,"column":76}},"36":{"start":{"line":156,"column":2},"end":{"line":174,"column":4}},"37":{"start":{"line":156,"column":20},"end":{"line":156,"column":60}},"38":{"start":{"line":157,"column":4},"end":{"line":159,"column":5}},"39":{"start":{"line":158,"column":6},"end":{"line":158,"column":39}},"40":{"start":{"line":161,"column":4},"end":{"line":173,"column":5}},"41":{"start":{"line":162,"column":35},"end":{"line":162,"column":70}},"42":{"start":{"line":163,"column":6},"end":{"line":172,"column":7}},"43":{"start":{"line":164,"column":9},"end":{"line":169,"column":10}},"44":{"start":{"line":166,"column":12},"end":{"line":166,"column":42}},"45":{"start":{"line":168,"column":20},"end":{"line":168,"column":66}},"46":{"start":{"line":171,"column":8},"end":{"line":171,"column":68}},"47":{"start":{"line":176,"column":2},"end":{"line":251,"column":4}},"48":{"start":{"line":183,"column":26},"end":{"line":233,"column":5}},"49":{"start":{"line":190,"column":18},"end":{"line":190,"column":27}},"50":{"start":{"line":191,"column":16},"end":{"line":191,"column":32}},"51":{"start":{"line":195,"column":6},"end":{"line":220,"column":7}},"52":{"start":{"line":198,"column":8},"end":{"line":200,"column":9}},"53":{"start":{"line":199,"column":11},"end":{"line":199,"column":65}},"54":{"start":{"line":201,"column":14},"end":{"line":208,"column":63}},"55":{"start":{"line":202,"column":10},"end":{"line":202,"column":14}},"56":{"start":{"line":203,"column":10},"end":{"line":203,"column":14}},"57":{"start":{"line":204,"column":10},"end":{"line":204,"column":12}},"58":{"start":{"line":205,"column":10},"end":{"line":205,"column":15}},"59":{"start":{"line":206,"column":10},"end":{"line":206,"column":17}},"60":{"start":{"line":207,"column":10},"end":{"line":207,"column":19}},"61":{"start":{"line":209,"column":8},"end":{"line":209,"column":57}},"62":{"start":{"line":210,"column":8},"end":{"line":216,"column":9}},"63":{"start":{"line":211,"column":10},"end":{"line":215,"column":13}},"64":{"start":{"line":217,"column":8},"end":{"line":219,"column":52}},"65":{"start":{"line":222,"column":6},"end":{"line":232,"column":7}},"66":{"start":{"line":224,"column":8},"end":{"line":227,"column":12}},"67":{"start":{"line":224,"column":35},"end":{"line":227,"column":10}},"68":{"start":{"line":229,"column":8},"end":{"line":231,"column":9}},"69":{"start":{"line":230,"column":10},"end":{"line":230,"column":68}},"70":{"start":{"line":237,"column":4},"end":{"line":250,"column":5}},"71":{"start":{"line":238,"column":6},"end":{"line":247,"column":15}},"72":{"start":{"line":244,"column":12},"end":{"line":247,"column":13}},"73":{"start":{"line":249,"column":6},"end":{"line":249,"column":33}},"74":{"start":{"line":253,"column":2},"end":{"line":270,"column":4}},"75":{"start":{"line":256,"column":4},"end":{"line":256,"column":34}},"76":{"start":{"line":259,"column":24},"end":{"line":261,"column":6}},"77":{"start":{"line":259,"column":44},"end":{"line":261,"column":6}},"78":{"start":{"line":263,"column":4},"end":{"line":269,"column":7}},"79":{"start":{"line":264,"column":6},"end":{"line":264,"column":33}},"80":{"start":{"line":266,"column":6},"end":{"line":268,"column":7}},"81":{"start":{"line":267,"column":8},"end":{"line":267,"column":60}},"82":{"start":{"line":272,"column":2},"end":{"line":302,"column":4}},"83":{"start":{"line":273,"column":4},"end":{"line":275,"column":5}},"84":{"start":{"line":274,"column":6},"end":{"line":274,"column":25}},"85":{"start":{"line":281,"column":4},"end":{"line":299,"column":5}},"86":{"start":{"line":286,"column":28},"end":{"line":286,"column":46}},"87":{"start":{"line":287,"column":6},"end":{"line":298,"column":7}},"88":{"start":{"line":291,"column":8},"end":{"line":297,"column":10}},"89":{"start":{"line":301,"column":4},"end":{"line":301,"column":22}},"90":{"start":{"line":304,"column":2},"end":{"line":344,"column":4}},"91":{"start":{"line":306,"column":4},"end":{"line":313,"column":8}},"92":{"start":{"line":306,"column":31},"end":{"line":313,"column":6}},"93":{"start":{"line":315,"column":4},"end":{"line":343,"column":5}},"94":{"start":{"line":317,"column":9},"end":{"line":317,"column":61}},"95":{"start":{"line":318,"column":6},"end":{"line":338,"column":7}},"96":{"start":{"line":319,"column":9},"end":{"line":325,"column":10}},"97":{"start":{"line":321,"column":12},"end":{"line":321,"column":42}},"98":{"start":{"line":322,"column":12},"end":{"line":322,"column":33}},"99":{"start":{"line":324,"column":20},"end":{"line":324,"column":66}},"100":{"start":{"line":326,"column":8},"end":{"line":326,"column":15}},"101":{"start":{"line":328,"column":24},"end":{"line":328,"column":69}},"102":{"start":{"line":329,"column":8},"end":{"line":332,"column":11}},"103":{"start":{"line":335,"column":8},"end":{"line":337,"column":9}},"104":{"start":{"line":336,"column":10},"end":{"line":336,"column":31}},"105":{"start":{"line":339,"column":11},"end":{"line":343,"column":5}},"106":{"start":{"line":340,"column":6},"end":{"line":340,"column":70}},"107":{"start":{"line":342,"column":6},"end":{"line":342,"column":27}},"108":{"start":{"line":346,"column":2},"end":{"line":348,"column":4}},"109":{"start":{"line":347,"column":4},"end":{"line":347,"column":68}},"110":{"start":{"line":350,"column":2},"end":{"line":384,"column":4}},"111":{"start":{"line":351,"column":24},"end":{"line":373,"column":5}},"112":{"start":{"line":352,"column":6},"end":{"line":354,"column":7}},"113":{"start":{"line":353,"column":8},"end":{"line":353,"column":20}},"114":{"start":{"line":355,"column":12},"end":{"line":355,"column":46}},"115":{"start":{"line":355,"column":14},"end":{"line":355,"column":18}},"116":{"start":{"line":355,"column":20},"end":{"line":355,"column":22}},"117":{"start":{"line":355,"column":24},"end":{"line":355,"column":33}},"118":{"start":{"line":356,"column":20},"end":{"line":356,"column":50}},"119":{"start":{"line":358,"column":6},"end":{"line":364,"column":7}},"120":{"start":{"line":359,"column":8},"end":{"line":363,"column":11}},"121":{"start":{"line":366,"column":6},"end":{"line":368,"column":10}},"122":{"start":{"line":366,"column":33},"end":{"line":368,"column":8}},"123":{"start":{"line":370,"column":6},"end":{"line":372,"column":7}},"124":{"start":{"line":371,"column":8},"end":{"line":371,"column":47}},"125":{"start":{"line":375,"column":4},"end":{"line":383,"column":5}},"126":{"start":{"line":377,"column":6},"end":{"line":380,"column":47}},"127":{"start":{"line":380,"column":12},"end":{"line":380,"column":45}},"128":{"start":{"line":382,"column":6},"end":{"line":382,"column":33}},"129":{"start":{"line":386,"column":2},"end":{"line":403,"column":4}},"130":{"start":{"line":388,"column":4},"end":{"line":388,"column":27}},"131":{"start":{"line":389,"column":4},"end":{"line":389,"column":34}},"132":{"start":{"line":392,"column":4},"end":{"line":402,"column":6}},"133":{"start":{"line":393,"column":19},"end":{"line":396,"column":8}},"134":{"start":{"line":398,"column":8},"end":{"line":400,"column":9}},"135":{"start":{"line":399,"column":10},"end":{"line":399,"column":49}},"136":{"start":{"line":405,"column":2},"end":{"line":411,"column":4}},"137":{"start":{"line":407,"column":4},"end":{"line":410,"column":8}},"138":{"start":{"line":407,"column":31},"end":{"line":410,"column":6}},"139":{"start":{"line":413,"column":2},"end":{"line":428,"column":4}},"140":{"start":{"line":414,"column":19},"end":{"line":414,"column":69}},"141":{"start":{"line":416,"column":4},"end":{"line":416,"column":32}},"142":{"start":{"line":418,"column":4},"end":{"line":426,"column":7}},"143":{"start":{"line":427,"column":4},"end":{"line":427,"column":62}},"144":{"start":{"line":427,"column":38},"end":{"line":427,"column":60}},"145":{"start":{"line":430,"column":2},"end":{"line":445,"column":4}},"146":{"start":{"line":431,"column":4},"end":{"line":444,"column":5}},"147":{"start":{"line":432,"column":36},"end":{"line":435,"column":7}},"148":{"start":{"line":437,"column":6},"end":{"line":441,"column":7}},"149":{"start":{"line":438,"column":9},"end":{"line":438,"column":68}},"150":{"start":{"line":440,"column":8},"end":{"line":440,"column":25}},"151":{"start":{"line":443,"column":6},"end":{"line":443,"column":23}},"152":{"start":{"line":447,"column":2},"end":{"line":448,"column":31}},"153":{"start":{"line":448,"column":4},"end":{"line":448,"column":30}},"154":{"start":{"line":450,"column":2},"end":{"line":466,"column":4}},"155":{"start":{"line":451,"column":4},"end":{"line":465,"column":6}},"156":{"start":{"line":468,"column":2},"end":{"line":480,"column":4}},"157":{"start":{"line":469,"column":12},"end":{"line":469,"column":26}},"158":{"start":{"line":470,"column":18},"end":{"line":470,"column":65}},"159":{"start":{"line":471,"column":4},"end":{"line":479,"column":6}},"160":{"start":{"line":482,"column":2},"end":{"line":498,"column":4}},"161":{"start":{"line":483,"column":4},"end":{"line":497,"column":6}},"162":{"start":{"line":500,"column":2},"end":{"line":506,"column":4}},"163":{"start":{"line":501,"column":4},"end":{"line":505,"column":6}},"164":{"start":{"line":48,"column":4},"end":{"line":54,"column":6}},"165":{"start":{"line":55,"column":4},"end":{"line":55,"column":21}},"166":{"start":{"line":56,"column":4},"end":{"line":56,"column":60}},"167":{"start":{"line":58,"column":4},"end":{"line":61,"column":6}},"168":{"start":{"line":63,"column":4},"end":{"line":66,"column":6}},"169":{"start":{"line":68,"column":4},"end":{"line":71,"column":6}},"170":{"start":{"line":82,"column":2},"end":{"line":92,"column":3}},"171":{"start":{"line":84,"column":4},"end":{"line":91,"column":5}},"172":{"start":{"line":88,"column":6},"end":{"line":88,"column":52}},"173":{"start":{"line":90,"column":6},"end":{"line":90,"column":47}},"174":{"start":{"line":508,"column":2},"end":{"line":527,"column":3}},"175":{"start":{"line":509,"column":10},"end":{"line":509,"column":54}},"176":{"start":{"line":509,"column":12},"end":{"line":509,"column":21}},"177":{"start":{"line":509,"column":23},"end":{"line":509,"column":29}},"178":{"start":{"line":509,"column":31},"end":{"line":509,"column":39}},"179":{"start":{"line":510,"column":18},"end":{"line":510,"column":37}},"180":{"start":{"line":511,"column":16},"end":{"line":511,"column":39}},"181":{"start":{"line":512,"column":4},"end":{"line":526,"column":6}},"182":{"start":{"line":29,"column":9},"end":{"line":34,"column":4}},"183":{"start":{"line":528,"column":0},"end":{"line":528,"column":1}},"184":{"start":{"line":531,"column":2},"end":{"line":531,"column":13}},"185":{"start":{"line":532,"column":2},"end":{"line":532,"column":25}},"186":{"start":{"line":533,"column":2},"end":{"line":533,"column":13}},"187":{"start":{"line":539,"column":2},"end":{"line":546,"column":4}},"188":{"start":{"line":553,"column":20},"end":{"line":553,"column":46}},"189":{"start":{"line":554,"column":2},"end":{"line":558,"column":3}},"190":{"start":{"line":554,"column":14},"end":{"line":554,"column":13}},"191":{"start":{"line":555,"column":4},"end":{"line":557,"column":5}},"192":{"start":{"line":556,"column":6},"end":{"line":556,"column":52}},"193":{"start":{"line":559,"column":2},"end":{"line":559,"column":16}},"194":{"start":{"line":568,"column":2},"end":{"line":568,"column":23}},"195":{"start":{"line":569,"column":2},"end":{"line":569,"column":19}},"196":{"start":{"line":571,"column":33},"end":{"line":571,"column":35}},"197":{"start":{"line":572,"column":2},"end":{"line":577,"column":3}},"198":{"start":{"line":573,"column":4},"end":{"line":576,"column":5}},"199":{"start":{"line":574,"column":18},"end":{"line":574,"column":27}},"200":{"start":{"line":575,"column":6},"end":{"line":575,"column":71}},"201":{"start":{"line":578,"column":2},"end":{"line":581,"column":5}}},"fnMap":{"0":{"name":"(anonymous_0)","decl":{"start":{"line":25,"column":0},"end":{"line":null,"column":-1}},"loc":{"start":{"line":25,"column":0},"end":{"line":25,"column":-1}}},"1":{"name":"Formik","decl":{"start":{"line":46,"column":2},"end":{"line":46,"column":13}},"loc":{"start":{"line":46,"column":54},"end":{"line":72,"column":3}}},"2":{"name":"(anonymous_2)","decl":{"start":{"line":74,"column":18},"end":{"line":74,"column":18}},"loc":{"start":{"line":74,"column":68},"end":{"line":76,"column":3}}},"3":{"name":"(anonymous_3)","decl":{"start":{"line":78,"column":20},"end":{"line":78,"column":20}},"loc":{"start":{"line":78,"column":33},"end":{"line":80,"column":3}}},"4":{"name":"(anonymous_4)","decl":{"start":{"line":94,"column":14},"end":{"line":94,"column":14}},"loc":{"start":{"line":94,"column":43},"end":{"line":96,"column":3}}},"5":{"name":"(anonymous_5)","decl":{"start":{"line":98,"column":15},"end":{"line":98,"column":15}},"loc":{"start":{"line":98,"column":46},"end":{"line":104,"column":3}}},"6":{"name":"(anonymous_6)","decl":{"start":{"line":99,"column":31},"end":{"line":null,"column":-1}},"loc":{"start":{"line":99,"column":31},"end":{"line":103,"column":5}}},"7":{"name":"(anonymous_7)","decl":{"start":{"line":106,"column":14},"end":{"line":106,"column":14}},"loc":{"start":{"line":106,"column":35},"end":{"line":114,"column":3}}},"8":{"name":"(anonymous_8)","decl":{"start":{"line":107,"column":16},"end":{"line":null,"column":-1}},"loc":{"start":{"line":107,"column":16},"end":{"line":113,"column":5}}},"9":{"name":"(anonymous_9)","decl":{"start":{"line":116,"column":14},"end":{"line":116,"column":14}},"loc":{"start":{"line":116,"column":27},"end":{"line":118,"column":3}}},"10":{"name":"(anonymous_10)","decl":{"start":{"line":120,"column":13},"end":{"line":120,"column":13}},"loc":{"start":{"line":120,"column":24},"end":{"line":127,"column":3}}},"11":{"name":"(anonymous_11)","decl":{"start":{"line":129,"column":18},"end":{"line":129,"column":18}},"loc":{"start":{"line":129,"column":40},"end":{"line":131,"column":3}}},"12":{"name":"(anonymous_12)","decl":{"start":{"line":136,"column":24},"end":{"line":136,"column":24}},"loc":{"start":{"line":136,"column":67},"end":{"line":151,"column":3}}},"13":{"name":"(anonymous_13)","decl":{"start":{"line":142,"column":6},"end":{"line":null,"column":-1}},"loc":{"start":{"line":142,"column":6},"end":{"line":147,"column":7}}},"14":{"name":"(anonymous_14)","decl":{"start":{"line":148,"column":6},"end":{"line":148,"column":6}},"loc":{"start":{"line":148,"column":15},"end":{"line":149,"column":76}}},"15":{"name":"(anonymous_15)","decl":{"start":{"line":156,"column":19},"end":{"line":156,"column":19}},"loc":{"start":{"line":156,"column":60},"end":{"line":174,"column":3}}},"16":{"name":"(anonymous_16)","decl":{"start":{"line":165,"column":10},"end":{"line":null,"column":-1}},"loc":{"start":{"line":165,"column":10},"end":{"line":167,"column":11}}},"17":{"name":"(anonymous_17)","decl":{"start":{"line":168,"column":10},"end":{"line":168,"column":9}},"loc":{"start":{"line":168,"column":16},"end":{"line":168,"column":66}}},"18":{"name":"(anonymous_18)","decl":{"start":{"line":176,"column":17},"end":{"line":177,"column":3}},"loc":{"start":{"line":177,"column":48},"end":{"line":251,"column":3}}},"19":{"name":"(anonymous_19)","decl":{"start":{"line":183,"column":26},"end":{"line":184,"column":5}},"loc":{"start":{"line":185,"column":24},"end":{"line":233,"column":5}}},"20":{"name":"(anonymous_20)","decl":{"start":{"line":224,"column":22},"end":{"line":224,"column":21}},"loc":{"start":{"line":224,"column":31},"end":{"line":227,"column":10}}},"21":{"name":"(anonymous_21)","decl":{"start":{"line":240,"column":39},"end":{"line":242,"column":11}},"loc":{"start":{"line":242,"column":50},"end":{"line":247,"column":13}}},"22":{"name":"(anonymous_22)","decl":{"start":{"line":253,"column":18},"end":{"line":254,"column":3}},"loc":{"start":{"line":256,"column":34},"end":{"line":270,"column":3}}},"23":{"name":"(anonymous_23)","decl":{"start":{"line":259,"column":24},"end":{"line":259,"column":24}},"loc":{"start":{"line":259,"column":39},"end":{"line":261,"column":6}}},"24":{"name":"(anonymous_24)","decl":{"start":{"line":263,"column":16},"end":{"line":null,"column":-1}},"loc":{"start":{"line":263,"column":16},"end":{"line":269,"column":5}}},"25":{"name":"(anonymous_25)","decl":{"start":{"line":272,"column":17},"end":{"line":272,"column":17}},"loc":{"start":{"line":272,"column":65},"end":{"line":302,"column":3}}},"26":{"name":"(anonymous_26)","decl":{"start":{"line":304,"column":15},"end":{"line":null,"column":-1}},"loc":{"start":{"line":304,"column":15},"end":{"line":344,"column":3}}},"27":{"name":"(anonymous_27)","decl":{"start":{"line":306,"column":18},"end":{"line":306,"column":17}},"loc":{"start":{"line":306,"column":27},"end":{"line":313,"column":6}}},"28":{"name":"(anonymous_28)","decl":{"start":{"line":320,"column":10},"end":{"line":null,"column":-1}},"loc":{"start":{"line":320,"column":10},"end":{"line":323,"column":11}}},"29":{"name":"(anonymous_29)","decl":{"start":{"line":324,"column":10},"end":{"line":324,"column":9}},"loc":{"start":{"line":324,"column":16},"end":{"line":324,"column":66}}},"30":{"name":"(anonymous_30)","decl":{"start":{"line":346,"column":18},"end":{"line":null,"column":-1}},"loc":{"start":{"line":346,"column":18},"end":{"line":348,"column":3}}},"31":{"name":"(anonymous_31)","decl":{"start":{"line":350,"column":15},"end":{"line":350,"column":15}},"loc":{"start":{"line":350,"column":34},"end":{"line":384,"column":3}}},"32":{"name":"(anonymous_32)","decl":{"start":{"line":351,"column":24},"end":{"line":351,"column":24}},"loc":{"start":{"line":351,"column":46},"end":{"line":373,"column":5}}},"33":{"name":"(anonymous_33)","decl":{"start":{"line":366,"column":20},"end":{"line":366,"column":19}},"loc":{"start":{"line":366,"column":29},"end":{"line":368,"column":8}}},"34":{"name":"(anonymous_34)","decl":{"start":{"line":379,"column":41},"end":{"line":379,"column":41}},"loc":{"start":{"line":379,"column":52},"end":{"line":380,"column":45}}},"35":{"name":"(anonymous_35)","decl":{"start":{"line":386,"column":20},"end":{"line":387,"column":3}},"loc":{"start":{"line":389,"column":34},"end":{"line":403,"column":3}}},"36":{"name":"(anonymous_36)","decl":{"start":{"line":393,"column":6},"end":{"line":393,"column":5}},"loc":{"start":{"line":393,"column":15},"end":{"line":396,"column":8}}},"37":{"name":"(anonymous_37)","decl":{"start":{"line":397,"column":6},"end":{"line":null,"column":-1}},"loc":{"start":{"line":397,"column":6},"end":{"line":401,"column":7}}},"38":{"name":"(anonymous_38)","decl":{"start":{"line":405,"column":18},"end":{"line":405,"column":18}},"loc":{"start":{"line":405,"column":49},"end":{"line":411,"column":3}}},"39":{"name":"(anonymous_39)","decl":{"start":{"line":407,"column":18},"end":{"line":407,"column":17}},"loc":{"start":{"line":407,"column":27},"end":{"line":410,"column":6}}},"40":{"name":"(anonymous_40)","decl":{"start":{"line":413,"column":14},"end":{"line":413,"column":14}},"loc":{"start":{"line":413,"column":34},"end":{"line":428,"column":3}}},"41":{"name":"(anonymous_41)","decl":{"start":{"line":427,"column":33},"end":{"line":427,"column":32}},"loc":{"start":{"line":427,"column":34},"end":{"line":427,"column":60}}},"42":{"name":"(anonymous_42)","decl":{"start":{"line":430,"column":16},"end":{"line":null,"column":-1}},"loc":{"start":{"line":430,"column":16},"end":{"line":445,"column":3}}},"43":{"name":"(anonymous_43)","decl":{"start":{"line":447,"column":19},"end":{"line":447,"column":19}},"loc":{"start":{"line":447,"column":51},"end":{"line":448,"column":30}}},"44":{"name":"(anonymous_44)","decl":{"start":{"line":450,"column":21},"end":{"line":null,"column":-1}},"loc":{"start":{"line":450,"column":21},"end":{"line":466,"column":3}}},"45":{"name":"(anonymous_45)","decl":{"start":{"line":468,"column":27},"end":{"line":null,"column":-1}},"loc":{"start":{"line":468,"column":27},"end":{"line":480,"column":3}}},"46":{"name":"(anonymous_46)","decl":{"start":{"line":482,"column":17},"end":{"line":null,"column":-1}},"loc":{"start":{"line":482,"column":17},"end":{"line":498,"column":3}}},"47":{"name":"(anonymous_47)","decl":{"start":{"line":500,"column":21},"end":{"line":null,"column":-1}},"loc":{"start":{"line":500,"column":21},"end":{"line":506,"column":3}}},"48":{"name":"(anonymous_48)","decl":{"start":{"line":82,"column":2},"end":{"line":82,"column":20}},"loc":{"start":{"line":82,"column":75},"end":{"line":92,"column":3}}},"49":{"name":"(anonymous_49)","decl":{"start":{"line":508,"column":2},"end":{"line":null,"column":-1}},"loc":{"start":{"line":508,"column":2},"end":{"line":527,"column":3}}},"50":{"name":"warnAboutMissingIdentifier","decl":{"start":{"line":530,"column":0},"end":{"line":530,"column":35}},"loc":{"start":{"line":538,"column":1},"end":{"line":547,"column":1}}},"51":{"name":"yupToFormErrors","decl":{"start":{"line":552,"column":6},"end":{"line":552,"column":39}},"loc":{"start":{"line":552,"column":53},"end":{"line":560,"column":1}}},"52":{"name":"validateYupSchema","decl":{"start":{"line":565,"column":6},"end":{"line":566,"column":1}},"loc":{"start":{"line":569,"column":19},"end":{"line":582,"column":1}}}},"branchMap":{"0":{"loc":{"start":{"line":47,"column":4},"end":{"line":47,"column":16}},"type":"binary-expr","locations":[{"start":{"line":47,"column":4},"end":{"line":47,"column":16}},{"start":{"line":47,"column":16},"end":{"line":72,"column":2}}]},"1":{"loc":{"start":{"line":100,"column":6},"end":{"line":102,"column":7}},"type":"if","locations":[{"start":{"line":100,"column":6},"end":{"line":102,"column":7}},{"start":{"line":100,"column":6},"end":{"line":102,"column":7}}]},"2":{"loc":{"start":{"line":110,"column":6},"end":{"line":112,"column":7}},"type":"if","locations":[{"start":{"line":110,"column":6},"end":{"line":112,"column":7}},{"start":{"line":110,"column":6},"end":{"line":112,"column":7}}]},"3":{"loc":{"start":{"line":121,"column":4},"end":{"line":125,"column":5}},"type":"if","locations":[{"start":{"line":121,"column":4},"end":{"line":125,"column":5}},{"start":{"line":121,"column":4},"end":{"line":125,"column":5}}]},"4":{"loc":{"start":{"line":139,"column":8},"end":{"line":139,"column":26}},"type":"cond-expr","locations":[{"start":{"line":139,"column":8},"end":{"line":139,"column":26}},{"start":{"line":140,"column":8},"end":{"line":140,"column":24}}]},"5":{"loc":{"start":{"line":144,"column":8},"end":{"line":146,"column":9}},"type":"if","locations":[{"start":{"line":144,"column":8},"end":{"line":146,"column":9}},{"start":{"line":144,"column":8},"end":{"line":146,"column":9}}]},"6":{"loc":{"start":{"line":156,"column":20},"end":{"line":156,"column":60}},"type":"if","locations":[{"start":{"line":156,"column":20},"end":{"line":156,"column":60}},{"start":{"line":156,"column":20},"end":{"line":156,"column":60}}]},"7":{"loc":{"start":{"line":157,"column":4},"end":{"line":159,"column":5}},"type":"if","locations":[{"start":{"line":157,"column":4},"end":{"line":159,"column":5}},{"start":{"line":157,"column":4},"end":{"line":159,"column":5}}]},"8":{"loc":{"start":{"line":161,"column":4},"end":{"line":173,"column":5}},"type":"if","locations":[{"start":{"line":161,"column":4},"end":{"line":173,"column":5}},{"start":{"line":161,"column":4},"end":{"line":173,"column":5}}]},"9":{"loc":{"start":{"line":163,"column":6},"end":{"line":172,"column":7}},"type":"if","locations":[{"start":{"line":163,"column":6},"end":{"line":172,"column":7}},{"start":{"line":163,"column":6},"end":{"line":172,"column":7}}]},"10":{"loc":{"start":{"line":195,"column":6},"end":{"line":220,"column":7}},"type":"if","locations":[{"start":{"line":195,"column":6},"end":{"line":220,"column":7}},{"start":{"line":195,"column":6},"end":{"line"
[...]
,"/Users/jared/workspace/github/jaredpalmer/formik/src/batchUpdate.tsx": {"path":"/Users/jared/workspace/github/jaredpalmer/formik/src/batchUpdate.tsx","statementMap":{"0":{"start":{"line":5,"column":0},"end":{"line":9,"column":1}},"1":{"start":{"line":6,"column":2},"end":{"line":6,"column":42}},"2":{"start":{"line":8,"column":2},"end":{"line":8,"column":39}},"3":{"start":{"line":11,"column":6},"end":{"line":11,"column":29}},"4":{"start":{"line":12,"column":0},"end":{"line":14,"column":1}},"5":{"start":{"line":13,"column":2},"end":{"line":13,"column":46}},"6":{"start":{"line":13,"column":41},"end":{"line":13,"column":45}},"7":{"start":{"line":16,"column":27},"end":{"line":16,"column":50}}},"fnMap":{"0":{"name":"(anonymous_0)","decl":{"start":{"line":13,"column":28},"end":{"line":13,"column":28}},"loc":{"start":{"line":13,"column":36},"end":{"line":13,"column":45}}}},"branchMap":{"0":{"loc":{"start":{"line":5,"column":0},"end":{"line":9,"column":1}},"type":"if","locations":[{"start":{"line":5,"column":0},"end":{"line":9,"column":1}},{"start":{"line":5,"column":0},"end":{"line":9,"column":1}}]},"1":{"loc":{"start":{"line":12,"column":0},"end":{"line":14,"column":1}},"type":"if","locations":[{"start":{"line":12,"column":0},"end":{"line":14,"column":1}},{"start":{"line":12,"column":0},"end":{"line":14,"column":1}}]}},"s":{"0":5,"1":0,"2":5,"3":5,"4":5,"5":0,"6":0,"7":5},"f":{"0":0},"b":{"0":[0,5],"1":[0,5]}}
,"/Users/jared/workspace/github/jaredpalmer/formik/src/connect.tsx": {"path":"/Users/jared/workspace/github/jaredpalmer/formik/src/connect.tsx","statementMap":{"0":{"start":{"line":7,"column":2},"end":{"line":7,"column":25}},"1":{"start":{"line":8,"column":2},"end":{"line":8,"column":26}},"2":{"start":{"line":18,"column":35},"end":{"line":22,"column":3}},"3":{"start":{"line":18,"column":58},"end":{"line":22,"column":3}},"4":{"start":{"line":20,"column":17},"end":{"line":20,"column":52}},"5":{"start":{"line":25,"column":3},"end":{"line":27,"column":29}},"6":{"start":{"line":29,"column":2},"end":{"line":39,"column":4}}},"fnMap":{"0":{"name":"connect","decl":{"start":{"line":15,"column":6},"end":{"line":16,"column":1}},"loc":{"start":{"line":16,"column":75},"end":{"line":40,"column":1}}},"1":{"name":"(anonymous_1)","decl":{"start":{"line":18,"column":35},"end":{"line":18,"column":35}},"loc":{"start":{"line":18,"column":53},"end":{"line":22,"column":3}}},"2":{"name":"(anonymous_2)","decl":{"start":{"line":20,"column":7},"end":{"line":20,"column":6}},"loc":{"start":{"line":20,"column":13},"end":{"line":20,"column":52}}}},"branchMap":{},"s":{"0":5,"1":5,"2":20,"3":56,"4":56,"5":20,"6":20},"f":{"0":20,"1":56,"2":56},"b":{}}
,"/Users/jared/workspace/github/jaredpalmer/formik/src/utils.ts": {"path":"/Users/jared/workspace/github/jaredpalmer/formik/src/utils.ts","statementMap":{"0":{"start":{"line":12,"column":2},"end":{"line":12,"column":15}},"1":{"start":{"line":14,"column":15},"end":{"line":14,"column":26}},"2":{"start":{"line":15,"column":2},"end":{"line":17,"column":3}},"3":{"start":{"line":16,"column":4},"end":{"line":16,"column":25}},"4":{"start":{"line":18,"column":2},"end":{"line":18,"column":39}},"5":{"start":{"line":26,"column":17},"end":{"line":26,"column":19}},"6":{"start":{"line":27,"column":20},"end":{"line":27,"column":23}},"7":{"start":{"line":28,"column":10},"end":{"line":28,"column":11}},"8":{"start":{"line":29,"column":18},"end":{"line":29,"column":30}},"9":{"start":{"line":31,"column":2},"end":{"line":44,"column":3}},"10":{"start":{"line":32,"column":32},"end":{"line":32,"column":44}},"11":{"start":{"line":33,"column":26},"end":{"line":33,"column":63}},"12":{"start":{"line":35,"column":4},"end":{"line":43,"column":5}},"13":{"start":{"line":36,"column":6},"end":{"line":36,"column":35}},"14":{"start":{"line":37,"column":11},"end":{"line":43,"column":5}},"15":{"start":{"line":38,"column":6},"end":{"line":38,"column":59}},"16":{"start":{"line":40,"column":31},"end":{"line":40,"column":47}},"17":{"start":{"line":41,"column":6},"end":{"line":42,"column":63}},"18":{"start":{"line":46,"column":2},"end":{"line":46,"column":31}},"19":{"start":{"line":47,"column":2},"end":{"line":47,"column":28}},"20":{"start":{"line":60,"column":2},"end":{"line":60,"column":30}},"21":{"start":{"line":61,"column":2},"end":{"line":61,"column":20}},"22":{"start":{"line":63,"column":2},"end":{"line":77,"column":3}},"23":{"start":{"line":63,"column":12},"end":{"line":63,"column":11}},"24":{"start":{"line":64,"column":16},"end":{"line":64,"column":25}},"25":{"start":{"line":65,"column":4},"end":{"line":76,"column":5}},"26":{"start":{"line":66,"column":6},"end":{"line":73,"column":7}},"27":{"start":{"line":67,"column":8},"end":{"line":67,"column":31}},"28":{"start":{"line":71,"column":8},"end":{"line":71,"column":51}},"29":{"start":{"line":72,"column":8},"end":{"line":72,"column":64}},"30":{"start":{"line":75,"column":6},"end":{"line":75,"column":26}},"31":{"start":{"line":79,"column":2},"end":{"line":79,"column":18}},"32":{"start":{"line":85,"column":26},"end":{"line":86,"column":27}},"33":{"start":{"line":86,"column":2},"end":{"line":86,"column":27}},"34":{"start":{"line":89,"column":24},"end":{"line":90,"column":41}},"35":{"start":{"line":90,"column":2},"end":{"line":90,"column":41}},"36":{"start":{"line":93,"column":25},"end":{"line":94,"column":41}},"37":{"start":{"line":94,"column":2},"end":{"line":94,"column":41}},"38":{"start":{"line":97,"column":24},"end":{"line":98,"column":59}},"39":{"start":{"line":98,"column":2},"end":{"line":98,"column":59}},"40":{"start":{"line":101,"column":21},"end":{"line":101,"column":55}},"41":{"start":{"line":101,"column":44},"end":{"line":101,"column":55}},"42":{"start":{"line":104,"column":31},"end":{"line":105,"column":38}},"43":{"start":{"line":105,"column":2},"end":{"line":105,"column":38}},"44":{"start":{"line":108,"column":25},"end":{"line":109,"column":43}},"45":{"start":{"line":109,"column":2},"end":{"line":109,"column":43}},"46":{"start":{"line":113,"column":2},"end":{"line":113,"column":70}},"47":{"start":{"line":127,"column":2},"end":{"line":127,"column":72}},"48":{"start":{"line":128,"column":2},"end":{"line":130,"column":3}},"49":{"start":{"line":129,"column":4},"end":{"line":129,"column":16}},"50":{"start":{"line":131,"column":2},"end":{"line":135,"column":3}},"51":{"start":{"line":132,"column":4},"end":{"line":132,"column":41}},"52":{"start":{"line":134,"column":4},"end":{"line":134,"column":20}}},"fnMap":{"0":{"name":"getIn","decl":{"start":{"line":8,"column":6},"end":{"line":9,"column":1}},"loc":{"start":{"line":12,"column":15},"end":{"line":19,"column":1}}},"1":{"name":"setIn","decl":{"start":{"line":25,"column":6},"end":{"line":25,"column":21}},"loc":{"start":{"line":25,"column":56},"end":{"line":48,"column":1}}},"2":{"name":"setNestedObjectValues","decl":{"start":{"line":57,"column":6},"end":{"line":58,"column":1}},"loc":{"start":{"line":61,"column":20},"end":{"line":80,"column":1}}},"3":{"name":"(anonymous_3)","decl":{"start":{"line":85,"column":26},"end":{"line":85,"column":26}},"loc":{"start":{"line":85,"column":35},"end":{"line":86,"column":27}}},"4":{"name":"(anonymous_4)","decl":{"start":{"line":89,"column":24},"end":{"line":89,"column":24}},"loc":{"start":{"line":89,"column":33},"end":{"line":90,"column":41}}},"5":{"name":"(anonymous_5)","decl":{"start":{"line":93,"column":25},"end":{"line":93,"column":25}},"loc":{"start":{"line":93,"column":34},"end":{"line":94,"column":41}}},"6":{"name":"(anonymous_6)","decl":{"start":{"line":97,"column":24},"end":{"line":97,"column":24}},"loc":{"start":{"line":97,"column":33},"end":{"line":98,"column":59}}},"7":{"name":"(anonymous_7)","decl":{"start":{"line":101,"column":21},"end":{"line":101,"column":21}},"loc":{"start":{"line":101,"column":30},"end":{"line":101,"column":55}}},"8":{"name":"(anonymous_8)","decl":{"start":{"line":104,"column":31},"end":{"line":104,"column":31}},"loc":{"start":{"line":104,"column":45},"end":{"line":105,"column":38}}},"9":{"name":"(anonymous_9)","decl":{"start":{"line":108,"column":25},"end":{"line":108,"column":25}},"loc":{"start":{"line":108,"column":36},"end":{"line":109,"column":43}}},"10":{"name":"getActiveElement","decl":{"start":{"line":126,"column":6},"end":{"line":126,"column":32}},"loc":{"start":{"line":126,"column":47},"end":{"line":136,"column":1}}}},"branchMap":{"0":{"loc":{"start":{"line":12,"column":2},"end":{"line":12,"column":15}},"type":"if","locations":[{"start":{"line":12,"column":2},"end":{"line":12,"column":15}},{"start":{"line":12,"column":2},"end":{"line":12,"column":15}}]},"1":{"loc":{"start":{"line":15,"column":9},"end":{"line":15,"column":12}},"type":"binary-expr","locations":[{"start":{"line":15,"column":9},"end":{"line":15,"column":12}},{"start":{"line":15,"column":16},"end":{"line":15,"column":31}}]},"2":{"loc":{"start":{"line":18,"column":29},"end":{"line":18,"column":32}},"type":"cond-expr","locations":[{"start":{"line":18,"column":29},"end":{"line":18,"column":32}},{"start":{"line":18,"column":35},"end":{"line":18,"column":38}}]},"3":{"loc":{"start":{"line":35,"column":4},"end":{"line":43,"column":5}},"type":"if","locations":[{"start":{"line":35,"column":4},"end":{"line":43,"column":5}},{"start":{"line":35,"column":4},"end":{"line":43,"column":5}}]},"4":{"loc":{"start":{"line":37,"column":11},"end":{"line":43,"column":5}},"type":"if","locations":[{"start":{"line":37,"column":11},"end":{"line":43,"column":5}},{"start":{"line":37,"column":11},"end":{"line":43,"column":5}}]},"5":{"loc":{"start":{"line":42,"column":55},"end":{"line":42,"column":57}},"type":"cond-expr","locations":[{"start":{"line":42,"column":55},"end":{"line":42,"column":57}},{"start":{"line":42,"column":60},"end":{"line":42,"column":62}}]},"6":{"loc":{"start":{"line":42,"column":8},"end":{"line":42,"column":27}},"type":"binary-expr","locations":[{"start":{"line":42,"column":8},"end":{"line":42,"column":27}},{"start":{"line":42,"column":31},"end":{"line":42,"column":52}}]},"7":{"loc":{"start":{"line":60,"column":2},"end":{"line":60,"column":30}},"type":"if","locations":[{"start":{"line":60,"column":2},"end":{"line":60,"column":30}},{"start":{"line":60,"column":2},"end":{"line":60,"column":30}}]},"8":{"loc":{"start":{"line":61,"column":2},"end":{"line":61,"column":20}},"type":"if","locations":[{"start":{"line":61,"column":2},"end":{"line":61,"column":20}},{"start":{"line":61,"column":2},"end":{"line":61,"column":20}}]},"9":{"loc":{"start":{"line":65,"column":4},"end":{"line":76,"column":5}},"type":"if","locations":[{"start":{"line":65,"column":4},"end":{"line":76,"column":5}},{"start":{"line":65,"column":4},"end":{"line":76,"column":5}}]},"10":{"loc":{"start":{"line":66,"column":6},"end":{"line":73,"column":7}},"type":"if","locations":[{"start":{"line":66,"column":6},"end":{"line":73,"column":7}},{"start":{"line":66,"column":6},"end":{"line":73,"column":7}}]},"11":{"loc":{"start":{"line":71,"column":43},"end":{"line":71,"column":45}},"type":"cond-expr","locations":[{"start":{"line":71,"column":43},"end":{"line":71,"column":45}},{"start":{"line":71,"column":48},"end":{"line":71,"column":50}}]},"12":{"loc":{"start":{"line":90,"column":2},"end":{"line":90,"column":14}},"type":"binary-expr","locations":[{"start":{"line":90,"column":2},"end":{"line":90,"column":14}},{"start":{"line":90,"column":18},"end":{"line":90,"column":41}}]},"13":{"loc":{"start":{"line":109,"column":2},"end":{"line":109,"column":17}},"type":"binary-expr","locations":[{"start":{"line":109,"column":2},"end":{"line":109,"column":17}},{"start":{"line":109,"column":21},"end":{"line":109,"column":43}}]},"14":{"loc":{"start":{"line":113,"column":2},"end":{"line":113,"column":31}},"type":"binary-expr","locations":[{"start":{"line":113,"column":2},"end":{"line":113,"column":31}},{"start":{"line":113,"column":35},"end":{"line":113,"column":70}}]},"15":{"loc":{"start":{"line":127,"column":8},"end":{"line":127,"column":11}},"type":"binary-expr","locations":[{"start":{"line":127,"column":8},"end":{"line":127,"column":11}},{"start":{"line":127,"column":16},"end":{"line":127,"column":70}}]},"16":{"loc":{"start":{"line":127,"column":50},"end":{"line":127,"column":58}},"type":"cond-expr","locations":[{"start":{"line":127,"column":50},"end":{"line":127,"column":58}},{"start":{"line":127,"column":61},"end":{"line":127,"column":70}}]},"17":{"loc":{"start":{"line":128,"column":2},"end":{"line":130,"column":3}},"type":"if","locations":[{"start":{"line":128,"column":2},"end":{"line":130,"column":3}},{"start":{"line":128,"column":2},"end":{"line":130,"column":3}}]},"18":{"loc":{"start":{"line":132,"column":11},"end":{"line":132,"column":28}},"type":"binary-expr","locations":[{"start":{"line":132,"column":11},"end":{"line":132,"column":28}},{"start":{"line":132,"column":32},"end":{"line":132,"column":40}}]}},"s":{"0":336,"1":168,"2":168,"3":155,"4":168,"5":59,"6":59,"7":59,"8":59,"9":59,"10":11,"11":11,"12":11,"13":1,"14":10,"15":5,"16":5,"17":5,"18":59,"19":59,"20":85,"21":85,"22":51,"23":57,"24":57,"25":57,"26":17,"27":17,"28":17,"29":17,"30":40,"31":51,"32":6,"33":88,"34":6,"35":94,"36":6,"37":5,"38":6,"39":29,"40":6,"41":0,"42":6,"43":2,"44":6,"45":37,"46":6,"47":24,"48":24,"49":0,"50":24,"51":24,"52":0},"f":{"0":168,"1":59,"2":51,"3":88,"4":94,"5":5,"6":29,"7":0,"8":2,"9":37,"10":24},"b":{"0":[168,0],"1":[323,225],"2":[98,70],"3":[1,10],"4":[5,5],"5":[2,3],"6":[5,2],"7":[34,17],"8":[34,17],"9":[17,40],"10":[17,0],"11":[3,14],"12":[94,93],"13":[37,22],"14":[6,6],"15":[24,24],"16":[24,0],"17":[0,24],"18":[24,0]}}
,"/Users/jared/workspace/github/jaredpalmer/formik/src/withFormik.tsx": {"path":"/Users/jared/workspace/github/jaredpalmer/formik/src/withFormik.tsx","statementMap":{"0":{"start":{"line":90,"column":2},"end":{"line":101,"column":3}},"1":{"start":{"line":102,"column":2},"end":{"line":102,"column":11}},"2":{"start":{"line":107,"column":2},"end":{"line":165,"column":4}},"3":{"start":{"line":111,"column":6},"end":{"line":114,"column":17}},"4":{"start":{"line":119,"column":4},"end":{"line":119,"column":35}},"5":{"start":{"line":119,"column":20},"end":{"line":119,"column":46}},"6":{"start":{"line":119,"column":4},"end":{"line":159,"column":4}},"7":{"start":{"line":122,"column":6},"end":{"line":124,"column":8}},"8":{"start":{"line":123,"column":8},"end":{"line":123,"column":52}},"9":{"start":{"line":126,"column":6},"end":{"line":130,"column":8}},"10":{"start":{"line":127,"column":8},"end":{"line":129,"column":36}},"11":{"start":{"line":132,"column":6},"end":{"line":137,"column":8}},"12":{"start":{"line":133,"column":8},"end":{"line":136,"column":11}},"13":{"start":{"line":142,"column":6},"end":{"line":144,"column":8}},"14":{"start":{"line":143,"column":8},"end":{"line":143,"column":62}},"15":{"start":{"line":146,"column":6},"end":{"line":158,"column":7}},"16":{"start":{"line":147,"column":8},"end":{"line":157,"column":10}},"17":{"start":{"line":120,"column":13},"end":{"line":120,"column":65}},"18":{"start":{"line":159,"column":4},"end":{"line":159,"column":5}},"19":{"start":{"line":161,"column":4},"end":{"line":164,"column":37}}},"fnMap":{"0":{"name":"withFormik","decl":{"start":{"line":85,"column":6},"end":{"line":89,"column":1}},"loc":{"start":{"line":103,"column":43},"end":{"line":166,"column":1}}},"1":{"name":"createFormik","decl":{"start":{"line":107,"column":9},"end":{"line":108,"column":3}},"loc":{"start":{"line":108,"column":69},"end":{"line":165,"column":3}}},"2":{"name":"(anonymous_3)","decl":{"start":{"line":119,"column":4},"end":{"line":null,"column":-1}},"loc":{"start":{"line":119,"column":4},"end":{"line":119,"column":3}}},"3":{"name":"(anonymous_5)","decl":{"start":{"line":122,"column":17},"end":{"line":122,"column":17}},"loc":{"start":{"line":122,"column":32},"end":{"line":124,"column":7}}},"4":{"name":"(anonymous_6)","decl":{"start":{"line":126,"column":25},"end":{"line":null,"column":-1}},"loc":{"start":{"line":126,"column":25},"end":{"line":130,"column":7}}},"5":{"name":"(anonymous_7)","decl":{"start":{"line":132,"column":21},"end":{"line":132,"column":21}},"loc":{"start":{"line":132,"column":68},"end":{"line":137,"column":7}}},"6":{"name":"(anonymous_8)","decl":{"start":{"line":142,"column":28},"end":{"line":142,"column":28}},"loc":{"start":{"line":142,"column":61},"end":{"line":144,"column":7}}},"7":{"name":"(anonymous_9)","decl":{"start":{"line":146,"column":6},"end":{"line":null,"column":-1}},"loc":{"start":{"line":146,"column":6},"end":{"line":158,"column":7}}}},"branchMap":{"0":{"loc":{"start":{"line":111,"column":6},"end":{"line":111,"column":27}},"type":"binary-expr","locations":[{"start":{"line":111,"column":6},"end":{"line":111,"column":27}},{"start":{"line":112,"column":6},"end":{"line":112,"column":20}},{"start":{"line":113,"column":7},"end":{"line":113,"column":28}},{"start":{"line":113,"column":32},"end":{"line":113,"column":58}},{"start":{"line":114,"column":6},"end":{"line":114,"column":17}}]},"1":{"loc":{"start":{"line":119,"column":4},"end":{"line":159,"column":4}},"type":"binary-expr","locations":[{"start":{"line":119,"column":4},"end":{"line":159,"column":4}},{"start":{"line":119,"column":4},"end":{"line":159,"column":4}},{"start":{"line":119,"column":4},"end":{"line":159,"column":4}}]},"2":{"loc":{"start":{"line":128,"column":12},"end":{"line":128,"column":48}},"type":"cond-expr","locations":[{"start":{"line":128,"column":12},"end":{"line":128,"column":48}},{"start":{"line":129,"column":12},"end":{"line":129,"column":35}}]},"3":{"loc":{"start":{"line":151,"column":22},"end":{"line":151,"column":37}},"type":"binary-expr","locations":[{"start":{"line":151,"column":22},"end":{"line":151,"column":37}},{"start":{"line":151,"column":41},"end":{"line":151,"column":54}}]},"4":{"loc":{"start":{"line":152,"column":30},"end":{"line":152,"column":53}},"type":"binary-expr","locations":[{"start":{"line":152,"column":30},"end":{"line":152,"column":53}},{"start":{"line":152,"column":57},"end":{"line":152,"column":78}}]}},"s":{"0":30,"1":15,"2":15,"3":15,"4":15,"5":15,"6":23,"7":23,"8":8,"9":23,"10":4,"11":23,"12":9,"13":23,"14":52,"15":15,"16":23,"17":15,"18":15,"19":15},"f":{"0":15,"1":15,"2":38,"3":8,"4":4,"5":9,"6":52,"7":23},"b":{"0":[15,15,0,0,0],"1":[23,23,23],"2":[1,3],"3":[23,9],"4":[23,5]}}
}
