TN:
SF:/Users/jared/workspace/github/jaredpalmer/formik/src/FastField.tsx
FN:17,isEqualExceptForKey
FN:25,(anonymous_1)
FN:50,FastFieldInner
FN:90,(anonymous_3)
FN:111,(anonymous_4)
FN:112,(anonymous_5)
FN:126,(anonymous_6)
FN:127,(anonymous_7)
FN:135,(anonymous_8)
FN:155,(anonymous_9)
FN:186,(anonymous_10)
FN:187,(anonymous_11)
FN:188,(anonymous_12)
FN:203,(anonymous_13)
FN:212,(anonymous_14)
FN:213,(anonymous_15)
FN:219,(anonymous_16)
FN:220,(anonymous_17)
FN:228,(anonymous_18)
FN:236,(anonymous_19)
FN:59,(anonymous_20)
FN:31,(anonymous_21)
FN:86,(anonymous_22)
FN:245,(anonymous_23)
FNF:24
FNH:7
FNDA:0,isEqualExceptForKey
FNDA:5,(anonymous_1)
FNDA:24,FastFieldInner
FNDA:2,(anonymous_3)
FNDA:0,(anonymous_4)
FNDA:0,(anonymous_5)
FNDA:0,(anonymous_6)
FNDA:0,(anonymous_7)
FNDA:0,(anonymous_8)
FNDA:0,(anonymous_9)
FNDA:0,(anonymous_10)
FNDA:0,(anonymous_11)
FNDA:0,(anonymous_12)
FNDA:2,(anonymous_13)
FNDA:0,(anonymous_14)
FNDA:0,(anonymous_15)
FNDA:0,(anonymous_16)
FNDA:0,(anonymous_17)
FNDA:0,(anonymous_18)
FNDA:0,(anonymous_19)
FNDA:0,(anonymous_20)
FNDA:24,(anonymous_21)
FNDA:19,(anonymous_22)
FNDA:26,(anonymous_23)
DA:18,0
DA:25,5
DA:31,5
DA:35,24
DA:36,24
DA:38,24
DA:39,24
DA:40,0
DA:43,24
DA:44,0
DA:47,24
DA:53,24
DA:54,24
DA:59,24
DA:60,0
DA:66,24
DA:68,24
DA:70,24
DA:75,24
DA:80,24
DA:86,5
DA:87,19
DA:90,24
DA:91,2
DA:92,2
DA:93,2
DA:94,2
DA:95,2
DA:96,2
DA:97,2
DA:98,2
DA:100,2
DA:101,2
DA:104,2
DA:106,1
DA:107,1
DA:108,1
DA:109,0
DA:110,0
DA:111,0
DA:112,0
DA:115,1
DA:117,0
DA:119,0
DA:123,0
DA:124,0
DA:125,0
DA:126,0
DA:132,0
DA:133,0
DA:135,0
DA:146,0
DA:147,0
DA:152,0
DA:155,0
DA:161,0
DA:163,0
DA:166,0
DA:168,0
DA:169,0
DA:170,0
DA:175,0
DA:176,0
DA:181,0
DA:185,0
DA:186,0
DA:188,0
DA:196,0
DA:199,1
DA:203,24
DA:204,2
DA:205,2
DA:208,2
DA:209,1
DA:210,1
DA:211,0
DA:213,0
DA:220,0
DA:228,1
DA:236,1
DA:245,5
DA:246,26
DA:247,26
DA:248,26
DA:249,26
DA:250,26
DA:251,52
DA:252,26
DA:253,26
DA:256,26
DA:257,26
DA:258,26
DA:260,26
DA:269,26
DA:275,26
DA:276,5
DA:283,21
DA:284,4
DA:287,17
DA:288,10
DA:289,10
DA:297,7
DA:303,5
DA:305,5
LF:104
LH:67
BRDA:53,0,0,24
BRDA:53,0,1,24
BRDA:102,1,0,0
BRDA:102,1,1,2
BRDA:103,2,0,0
BRDA:103,2,1,2
BRDA:104,3,0,1
BRDA:104,3,1,1
BRDA:106,4,0,1
BRDA:106,4,1,0
BRDA:108,5,0,0
BRDA:108,5,1,1
BRDA:117,6,0,0
BRDA:117,6,1,0
BRDA:123,7,0,0
BRDA:123,7,1,0
BRDA:132,8,0,0
BRDA:132,8,1,0
BRDA:146,9,0,0
BRDA:146,9,1,0
BRDA:161,10,0,0
BRDA:161,10,1,0
BRDA:164,11,0,0
BRDA:164,11,1,0
BRDA:175,12,0,0
BRDA:175,12,1,0
BRDA:208,13,0,1
BRDA:208,13,1,1
BRDA:208,14,0,2
BRDA:208,14,1,1
BRDA:210,15,0,0
BRDA:210,15,1,1
BRDA:71,16,0,24
BRDA:71,16,1,13
BRDA:76,17,0,24
BRDA:76,17,1,13
BRDA:76,17,2,3
BRDA:81,18,0,24
BRDA:81,18,1,5
BRDA:81,18,2,1
BRDA:39,19,0,0
BRDA:39,19,1,24
BRDA:43,20,0,0
BRDA:43,20,1,24
BRDA:251,21,0,13
BRDA:251,21,1,13
BRDA:263,22,0,0
BRDA:263,22,1,26
BRDA:262,23,0,26
BRDA:262,23,1,26
BRDA:275,24,0,5
BRDA:275,24,1,21
BRDA:283,25,0,4
BRDA:283,25,1,17
BRDA:287,26,0,10
BRDA:287,26,1,7
BRF:56
BRH:34
end_of_record
TN:
SF:/Users/jared/workspace/github/jaredpalmer/formik/src/Field.tsx
FN:89,(anonymous_0)
FN:93,FieldInner
FN:114,(anonymous_2)
FN:122,(anonymous_3)
FN:130,(anonymous_4)
FN:138,(anonymous_5)
FN:139,(anonymous_6)
FN:147,(anonymous_7)
FNF:8
FNH:6
FNDA:5,(anonymous_0)
FNDA:24,FieldInner
FNDA:2,(anonymous_2)
FNDA:2,(anonymous_3)
FNDA:2,(anonymous_4)
FNDA:0,(anonymous_5)
FNDA:0,(anonymous_6)
FNDA:24,(anonymous_7)
DA:89,5
DA:96,24
DA:97,24
DA:98,24
DA:103,24
DA:108,24
DA:114,24
DA:115,2
DA:116,2
DA:117,2
DA:118,1
DA:122,24
DA:123,2
DA:124,2
DA:125,2
DA:126,1
DA:130,24
DA:131,2
DA:132,2
DA:134,2
DA:136,2
DA:137,0
DA:138,0
DA:139,0
DA:143,2
DA:147,5
DA:148,24
DA:149,24
DA:150,24
DA:151,24
DA:152,24
DA:153,48
DA:154,24
DA:155,24
DA:160,24
DA:161,24
DA:162,24
DA:164,24
DA:173,24
DA:175,24
DA:176,5
DA:179,19
DA:180,4
DA:183,15
DA:184,8
DA:185,8
DA:193,7
DA:199,5
DA:201,5
LF:49
LH:46
BRDA:96,0,0,24
BRDA:96,0,1,24
BRDA:117,1,0,1
BRDA:117,1,1,1
BRDA:117,2,0,2
BRDA:117,2,1,1
BRDA:125,3,0,1
BRDA:125,3,1,1
BRDA:125,4,0,2
BRDA:125,4,1,1
BRDA:136,5,0,0
BRDA:136,5,1,2
BRDA:99,6,0,24
BRDA:99,6,1,13
BRDA:104,7,0,24
BRDA:104,7,1,13
BRDA:104,7,2,3
BRDA:109,8,0,24
BRDA:109,8,1,5
BRDA:109,8,2,1
BRDA:153,9,0,11
BRDA:153,9,1,13
BRDA:167,10,0,0
BRDA:167,10,1,24
BRDA:166,11,0,24
BRDA:166,11,1,24
BRDA:170,12,0,4
BRDA:170,12,1,20
BRDA:171,13,0,4
BRDA:171,13,1,20
BRDA:175,14,0,5
BRDA:175,14,1,19
BRDA:179,15,0,4
BRDA:179,15,1,15
BRDA:183,16,0,8
BRDA:183,16,1,7
BRF:36
BRH:34
end_of_record
TN:
SF:/Users/jared/workspace/github/jaredpalmer/formik/src/FieldArray.tsx
FN:55,(anonymous_0)
FN:63,(anonymous_1)
FN:71,(anonymous_2)
FN:77,(anonymous_3)
FN:82,(anonymous_4)
FN:90,FieldArrayInner
FN:97,(anonymous_6)
FN:108,(anonymous_7)
FN:118,(anonymous_8)
FN:126,(anonymous_9)
FN:128,(anonymous_10)
FN:133,(anonymous_11)
FN:133,(anonymous_12)
FN:135,(anonymous_13)
FN:137,(anonymous_14)
FN:142,(anonymous_15)
FN:142,(anonymous_16)
FN:145,(anonymous_17)
FN:147,(anonymous_18)
FN:152,(anonymous_19)
FN:152,(anonymous_20)
FN:154,(anonymous_21)
FN:156,(anonymous_22)
FN:161,(anonymous_23)
FN:161,(anonymous_24)
FN:163,(anonymous_25)
FN:165,(anonymous_26)
FN:170,(anonymous_27)
FN:170,(anonymous_28)
FN:173,(anonymous_29)
FN:176,(anonymous_30)
FN:186,(anonymous_31)
FN:186,(anonymous_32)
FN:210,(anonymous_33)
FN:210,(anonymous_34)
FN:231,(anonymous_35)
FN:231,(anonymous_36)
FN:188,(anonymous_37)
FN:193,(anonymous_38)
FN:212,(anonymous_39)
FN:217,(anonymous_40)
FN:233,(anonymous_41)
FNF:42
FNH:23
FNDA:0,(anonymous_0)
FNDA:1,(anonymous_1)
FNDA:1,(anonymous_2)
FNDA:1,(anonymous_3)
FNDA:5,(anonymous_4)
FNDA:10,FieldArrayInner
FNDA:7,(anonymous_6)
FNDA:7,(anonymous_7)
FNDA:7,(anonymous_8)
FNDA:1,(anonymous_9)
FNDA:1,(anonymous_10)
FNDA:0,(anonymous_11)
FNDA:0,(anonymous_12)
FNDA:1,(anonymous_13)
FNDA:1,(anonymous_14)
FNDA:0,(anonymous_15)
FNDA:0,(anonymous_16)
FNDA:0,(anonymous_17)
FNDA:0,(anonymous_18)
FNDA:0,(anonymous_19)
FNDA:0,(anonymous_20)
FNDA:1,(anonymous_21)
FNDA:1,(anonymous_22)
FNDA:0,(anonymous_23)
FNDA:0,(anonymous_24)
FNDA:1,(anonymous_25)
FNDA:1,(anonymous_26)
FNDA:0,(anonymous_27)
FNDA:0,(anonymous_28)
FNDA:1,(anonymous_29)
FNDA:1,(anonymous_30)
FNDA:0,(anonymous_31)
FNDA:0,(anonymous_32)
FNDA:0,(anonymous_33)
FNDA:0,(anonymous_34)
FNDA:0,(anonymous_35)
FNDA:0,(anonymous_36)
FNDA:1,(anonymous_37)
FNDA:3,(anonymous_38)
FNDA:1,(anonymous_39)
FNDA:3,(anonymous_40)
FNDA:17,(anonymous_41)
DA:55,5
DA:56,0
DA:57,0
DA:58,0
DA:59,0
DA:60,0
DA:63,5
DA:64,1
DA:65,1
DA:66,1
DA:67,1
DA:68,1
DA:71,5
DA:72,1
DA:73,1
DA:74,1
DA:77,5
DA:78,1
DA:79,1
DA:80,1
DA:82,5
DA:86,5
DA:91,10
DA:93,10
DA:94,10
DA:97,10
DA:102,7
DA:103,7
DA:104,7
DA:105,7
DA:107,7
DA:108,7
DA:119,7
DA:120,7
DA:126,10
DA:127,1
DA:128,1
DA:133,10
DA:135,10
DA:136,1
DA:137,1
DA:142,10
DA:143,0
DA:145,10
DA:146,0
DA:147,0
DA:152,10
DA:154,10
DA:155,1
DA:156,1
DA:161,10
DA:163,10
DA:164,1
DA:165,1
DA:170,10
DA:171,0
DA:173,10
DA:174,1
DA:175,1
DA:177,1
DA:178,1
DA:183,1
DA:186,10
DA:188,5
DA:191,1
DA:194,3
DA:195,3
DA:196,1
DA:198,3
DA:199,3
DA:201,3
DA:207,1
DA:210,10
DA:212,5
DA:215,1
DA:218,3
DA:219,3
DA:220,1
DA:222,3
DA:228,1
DA:231,10
DA:233,5
DA:234,17
DA:253,17
DA:254,17
DA:255,17
DA:256,17
DA:257,17
DA:258,17
DA:259,17
DA:260,17
DA:261,17
DA:265,17
DA:267,17
DA:277,5
DA:279,5
LF:96
LH:87
BRDA:56,0,0,0
BRDA:56,0,1,0
BRDA:64,1,0,1
BRDA:64,1,1,0
BRDA:72,2,0,1
BRDA:72,2,1,0
BRDA:78,3,0,1
BRDA:78,3,1,0
BRDA:91,4,0,10
BRDA:91,4,1,10
BRDA:112,5,0,2
BRDA:112,5,1,5
BRDA:115,6,0,2
BRDA:115,6,1,5
BRDA:119,7,0,7
BRDA:119,7,1,0
BRDA:128,8,0,1
BRDA:128,8,1,0
BRDA:177,9,0,1
BRDA:177,9,1,0
BRDA:194,10,0,1
BRDA:194,10,1,2
BRDA:195,11,0,1
BRDA:195,11,1,2
BRDA:198,12,0,3
BRDA:198,12,1,0
BRDA:219,13,0,1
BRDA:219,13,1,2
BRDA:220,14,0,1
BRDA:220,14,1,1
BRDA:220,14,2,1
BRDA:268,15,0,1
BRDA:268,15,1,16
BRDA:270,16,0,15
BRDA:270,16,1,1
BRDA:272,17,0,1
BRDA:272,17,1,0
BRDA:273,18,0,1
BRDA:273,18,1,0
BRDA:274,19,0,0
BRDA:274,19,1,0
BRF:41
BRH:28
end_of_record
TN:
SF:/Users/jared/workspace/github/jaredpalmer/formik/src/Form.tsx
FN:4,(anonymous_0)
FNF:1
FNH:0
FNDA:0,(anonymous_0)
DA:4,5
DA:8,5
LF:2
LH:2
BRF:0
BRH:0
end_of_record
TN:
SF:/Users/jared/workspace/github/jaredpalmer/formik/src/Formik.tsx
FN:25,(anonymous_0)
FN:46,Formik
FN:74,(anonymous_2)
FN:78,(anonymous_3)
FN:94,(anonymous_4)
FN:98,(anonymous_5)
FN:99,(anonymous_6)
FN:106,(anonymous_7)
FN:107,(anonymous_8)
FN:116,(anonymous_9)
FN:120,(anonymous_10)
FN:129,(anonymous_11)
FN:136,(anonymous_12)
FN:142,(anonymous_13)
FN:148,(anonymous_14)
FN:156,(anonymous_15)
FN:165,(anonymous_16)
FN:168,(anonymous_17)
FN:176,(anonymous_18)
FN:183,(anonymous_19)
FN:224,(anonymous_20)
FN:240,(anonymous_21)
FN:253,(anonymous_22)
FN:259,(anonymous_23)
FN:263,(anonymous_24)
FN:272,(anonymous_25)
FN:304,(anonymous_26)
FN:306,(anonymous_27)
FN:320,(anonymous_28)
FN:324,(anonymous_29)
FN:346,(anonymous_30)
FN:350,(anonymous_31)
FN:351,(anonymous_32)
FN:366,(anonymous_33)
FN:379,(anonymous_34)
FN:386,(anonymous_35)
FN:393,(anonymous_36)
FN:397,(anonymous_37)
FN:405,(anonymous_38)
FN:407,(anonymous_39)
FN:413,(anonymous_40)
FN:427,(anonymous_41)
FN:430,(anonymous_42)
FN:447,(anonymous_43)
FN:450,(anonymous_44)
FN:468,(anonymous_45)
FN:482,(anonymous_46)
FN:500,(anonymous_47)
FN:82,(anonymous_48)
FN:508,(anonymous_49)
FN:530,warnAboutMissingIdentifier
FN:552,yupToFormErrors
FN:565,validateYupSchema
FNF:53
FNH:42
FNDA:5,(anonymous_0)
FNDA:129,Formik
FNDA:19,(anonymous_2)
FNDA:19,(anonymous_3)
FNDA:11,(anonymous_4)
FNDA:3,(anonymous_5)
FNDA:3,(anonymous_6)
FNDA:3,(anonymous_7)
FNDA:3,(anonymous_8)
FNDA:1,(anonymous_9)
FNDA:0,(anonymous_10)
FNDA:0,(anonymous_11)
FNDA:4,(anonymous_12)
FNDA:4,(anonymous_13)
FNDA:0,(anonymous_14)
FNDA:33,(anonymous_15)
FNDA:0,(anonymous_16)
FNDA:0,(anonymous_17)
FNDA:11,(anonymous_18)
FNDA:11,(anonymous_19)
FNDA:11,(anonymous_20)
FNDA:0,(anonymous_21)
FNDA:4,(anonymous_22)
FNDA:7,(anonymous_23)
FNDA:4,(anonymous_24)
FNDA:24,(anonymous_25)
FNDA:29,(anonymous_26)
FNDA:29,(anonymous_27)
FNDA:6,(anonymous_28)
FNDA:0,(anonymous_29)
FNDA:25,(anonymous_30)
FNDA:7,(anonymous_31)
FNDA:7,(anonymous_32)
FNDA:7,(anonymous_33)
FNDA:0,(anonymous_34)
FNDA:4,(anonymous_35)
FNDA:4,(anonymous_36)
FNDA:4,(anonymous_37)
FNDA:1,(anonymous_38)
FNDA:1,(anonymous_39)
FNDA:4,(anonymous_40)
FNDA:0,(anonymous_41)
FNDA:5,(anonymous_42)
FNDA:7,(anonymous_43)
FNDA:477,(anonymous_44)
FNDA:450,(anonymous_45)
FNDA:450,(anonymous_46)
FNDA:225,(anonymous_47)
FNDA:44,(anonymous_48)
FNDA:225,(anonymous_49)
FNDA:0,warnAboutMissingIdentifier
FNDA:0,yupToFormErrors
FNDA:4,validateYupSchema
DA:25,5
DA:29,5
DA:38,129
DA:41,129
DA:47,129
DA:48,129
DA:55,129
DA:56,129
DA:58,129
DA:63,129
DA:68,129
DA:74,129
DA:75,19
DA:78,129
DA:79,19
DA:82,5
DA:84,44
DA:88,2
DA:90,2
DA:94,129
DA:95,11
DA:98,129
DA:99,3
DA:100,3
DA:101,3
DA:106,129
DA:107,3
DA:108,3
DA:110,3
DA:111,2
DA:116,129
DA:117,1
DA:120,129
DA:121,0
DA:122,0
DA:126,0
DA:129,129
DA:130,0
DA:136,129
DA:137,4
DA:138,4
DA:141,4
DA:143,4
DA:144,4
DA:145,2
DA:149,0
DA:156,129
DA:157,33
DA:158,2
DA:161,33
DA:162,10
DA:163,10
DA:164,0
DA:166,0
DA:168,0
DA:171,10
DA:176,129
DA:183,11
DA:190,11
DA:191,11
DA:195,11
DA:198,11
DA:199,11
DA:201,11
DA:202,11
DA:203,11
DA:204,11
DA:205,11
DA:206,11
DA:207,11
DA:209,11
DA:210,11
DA:211,0
DA:217,11
DA:222,11
DA:224,11
DA:229,11
DA:230,8
DA:237,11
DA:238,0
DA:244,0
DA:249,11
DA:253,129
DA:256,8
DA:259,7
DA:263,4
DA:264,4
DA:266,4
DA:267,3
DA:272,129
DA:273,24
DA:274,21
DA:281,24
DA:286,24
DA:287,24
DA:291,2
DA:301,24
DA:304,129
DA:306,29
DA:315,29
DA:317,14
DA:318,14
DA:319,8
DA:321,6
DA:322,6
DA:324,0
DA:326,8
DA:328,6
DA:329,6
DA:335,6
DA:336,4
DA:339,15
DA:340,2
DA:342,13
DA:346,129
DA:347,25
DA:350,129
DA:351,7
DA:352,7
DA:353,7
DA:355,7
DA:356,7
DA:358,7
DA:359,0
DA:366,7
DA:370,7
DA:371,7
DA:375,7
DA:377,0
DA:380,0
DA:382,7
DA:386,129
DA:388,4
DA:389,8
DA:392,4
DA:393,4
DA:398,4
DA:399,3
DA:405,129
DA:407,1
DA:413,129
DA:414,4
DA:416,4
DA:418,4
DA:427,4
DA:430,129
DA:431,5
DA:432,2
DA:437,2
DA:438,1
DA:440,1
DA:443,3
DA:447,129
DA:448,7
DA:450,129
DA:451,477
DA:468,129
DA:469,450
DA:470,450
DA:471,450
DA:482,129
DA:483,450
DA:500,129
DA:501,225
DA:508,5
DA:509,225
DA:510,225
DA:511,225
DA:512,225
DA:528,5
DA:531,0
DA:532,0
DA:533,0
DA:539,0
DA:553,0
DA:554,0
DA:555,0
DA:556,0
DA:559,0
DA:568,8
DA:569,8
DA:571,4
DA:572,4
DA:573,4
DA:574,4
DA:575,4
DA:578,4
LF:187
LH:163
BRDA:47,0,0,129
BRDA:47,0,1,129
BRDA:100,1,0,3
BRDA:100,1,1,0
BRDA:110,2,0,2
BRDA:110,2,1,1
BRDA:121,3,0,0
BRDA:121,3,1,0
BRDA:139,4,0,4
BRDA:139,4,1,0
BRDA:144,5,0,2
BRDA:144,5,1,2
BRDA:156,6,0,7
BRDA:156,6,1,26
BRDA:157,7,0,2
BRDA:157,7,1,31
BRDA:161,8,0,10
BRDA:161,8,1,23
BRDA:163,9,0,0
BRDA:163,9,1,10
BRDA:195,10,0,11
BRDA:195,10,1,0
BRDA:198,11,0,11
BRDA:198,11,1,0
BRDA:209,12,0,0
BRDA:209,12,1,11
BRDA:209,13,0,8
BRDA:209,13,1,3
BRDA:210,14,0,0
BRDA:210,14,1,11
BRDA:210,15,0,11
BRDA:210,15,1,0
BRDA:218,16,0,0
BRDA:218,16,1,11
BRDA:218,17,0,0
BRDA:218,17,1,0
BRDA:219,18,0,0
BRDA:219,18,1,11
BRDA:222,19,0,11
BRDA:222,19,1,0
BRDA:229,20,0,8
BRDA:229,20,1,3
BRDA:237,21,0,0
BRDA:237,21,1,11
BRDA:239,22,0,0
BRDA:239,22,1,0
BRDA:256,23,0,4
BRDA:256,23,1,0
BRDA:266,24,0,3
BRDA:266,24,1,1
BRDA:266,25,0,4
BRDA:266,25,1,3
BRDA:273,26,0,21
BRDA:273,26,1,3
BRDA:273,27,0,24
BRDA:273,27,1,22
BRDA:281,28,0,24
BRDA:281,28,1,0
BRDA:282,29,0,24
BRDA:282,29,1,24
BRDA:287,30,0,2
BRDA:287,30,1,22
BRDA:288,31,0,24
BRDA:288,31,1,24
BRDA:293,32,0,2
BRDA:293,32,1,2
BRDA:315,33,0,14
BRDA:315,33,1,15
BRDA:317,34,0,14
BRDA:317,34,1,2
BRDA:318,35,0,8
BRDA:318,35,1,6
BRDA:335,36,0,4
BRDA:335,36,1,2
BRDA:339,37,0,2
BRDA:339,37,1,13
BRDA:352,38,0,7
BRDA:352,38,1,0
BRDA:356,39,0,0
BRDA:356,39,1,7
BRDA:356,40,0,5
BRDA:356,40,1,2
BRDA:358,41,0,0
BRDA:358,41,1,7
BRDA:358,42,0,7
BRDA:358,42,1,0
BRDA:370,43,0,7
BRDA:370,43,1,0
BRDA:375,44,0,0
BRDA:375,44,1,7
BRDA:378,45,0,0
BRDA:378,45,1,0
BRDA:388,46,0,0
BRDA:388,46,1,4
BRDA:389,47,0,4
BRDA:389,47,1,0
BRDA:398,48,0,3
BRDA:398,48,1,1
BRDA:398,49,0,4
BRDA:398,49,1,3
BRDA:414,50,0,0
BRDA:414,50,1,4
BRDA:431,51,0,2
BRDA:431,51,1,3
BRDA:437,52,0,1
BRDA:437,52,1,1
BRDA:474,53,0,66
BRDA:474,53,1,384
BRDA:474,54,0,66
BRDA:474,54,1,62
BRDA:476,55,0,4
BRDA:476,55,1,380
BRDA:475,56,0,384
BRDA:475,56,1,6
BRDA:49,57,0,129
BRDA:49,57,1,0
BRDA:56,58,0,129
BRDA:56,58,1,0
BRDA:59,59,0,129
BRDA:59,59,1,49
BRDA:64,60,0,129
BRDA:64,60,1,49
BRDA:64,60,2,0
BRDA:69,61,0,129
BRDA:69,61,1,62
BRDA:69,61,2,0
BRDA:84,62,0,2
BRDA:84,62,1,42
BRDA:85,63,0,44
BRDA:85,63,1,3
BRDA:515,64,0,109
BRDA:515,64,1,116
BRDA:517,65,0,98
BRDA:517,65,1,18
BRDA:519,66,0,18
BRDA:519,66,1,0
BRDA:520,67,0,18
BRDA:520,67,1,0
BRDA:522,68,0,0
BRDA:522,68,1,0
BRDA:555,69,0,0
BRDA:555,69,1,0
BRDA:568,70,0,4
BRDA:568,70,1,0
BRDA:569,71,0,4
BRDA:569,71,1,0
BRDA:573,72,0,4
BRDA:573,72,1,0
BRDA:575,73,0,4
BRDA:575,73,1,0
BRDA:578,74,0,0
BRDA:578,74,1,4
BRF:152
BRH:106
end_of_record
TN:
SF:/Users/jared/workspace/github/jaredpalmer/formik/src/batchUpdate.tsx
FN:13,(anonymous_0)
FNF:1
FNH:0
FNDA:0,(anonymous_0)
DA:5,5
DA:6,0
DA:8,5
DA:11,5
DA:12,5
DA:13,0
DA:16,5
LF:7
LH:5
BRDA:5,0,0,0
BRDA:5,0,1,5
BRDA:12,1,0,0
BRDA:12,1,1,5
BRF:4
BRH:2
end_of_record
TN:
SF:/Users/jared/workspace/github/jaredpalmer/formik/src/connect.tsx
FN:15,connect
FN:18,(anonymous_1)
FN:20,(anonymous_2)
FNF:3
FNH:3
FNDA:20,connect
FNDA:56,(anonymous_1)
FNDA:56,(anonymous_2)
DA:7,5
DA:8,5
DA:18,56
DA:20,56
DA:25,20
DA:29,20
LF:6
LH:6
BRF:0
BRH:0
end_of_record
TN:
SF:/Users/jared/workspace/github/jaredpalmer/formik/src/utils.ts
FN:8,getIn
FN:25,setIn
FN:57,setNestedObjectValues
FN:85,(anonymous_3)
FN:89,(anonymous_4)
FN:93,(anonymous_5)
FN:97,(anonymous_6)
FN:101,(anonymous_7)
FN:104,(anonymous_8)
FN:108,(anonymous_9)
FN:126,getActiveElement
FNF:11
FNH:10
FNDA:168,getIn
FNDA:59,setIn
FNDA:51,setNestedObjectValues
FNDA:88,(anonymous_3)
FNDA:94,(anonymous_4)
FNDA:5,(anonymous_5)
FNDA:29,(anonymous_6)
FNDA:0,(anonymous_7)
FNDA:2,(anonymous_8)
FNDA:37,(anonymous_9)
FNDA:24,getActiveElement
DA:12,336
DA:14,168
DA:15,168
DA:16,155
DA:18,168
DA:26,59
DA:27,59
DA:28,59
DA:29,59
DA:31,59
DA:32,11
DA:33,11
DA:35,11
DA:36,1
DA:37,10
DA:38,5
DA:40,5
DA:41,5
DA:46,59
DA:47,59
DA:60,85
DA:61,85
DA:63,57
DA:64,57
DA:65,57
DA:66,17
DA:67,17
DA:71,17
DA:72,17
DA:75,40
DA:79,51
DA:85,6
DA:86,88
DA:89,6
DA:90,94
DA:93,6
DA:94,5
DA:97,6
DA:98,29
DA:101,6
DA:104,6
DA:105,2
DA:108,6
DA:109,37
DA:113,6
DA:127,24
DA:128,24
DA:129,0
DA:131,24
DA:132,24
DA:134,0
LF:51
LH:49
BRDA:12,0,0,168
BRDA:12,0,1,0
BRDA:15,1,0,323
BRDA:15,1,1,225
BRDA:18,2,0,98
BRDA:18,2,1,70
BRDA:35,3,0,1
BRDA:35,3,1,10
BRDA:37,4,0,5
BRDA:37,4,1,5
BRDA:42,5,0,2
BRDA:42,5,1,3
BRDA:42,6,0,5
BRDA:42,6,1,2
BRDA:60,7,0,34
BRDA:60,7,1,17
BRDA:61,8,0,34
BRDA:61,8,1,17
BRDA:65,9,0,17
BRDA:65,9,1,40
BRDA:66,10,0,17
BRDA:66,10,1,0
BRDA:71,11,0,3
BRDA:71,11,1,14
BRDA:90,12,0,94
BRDA:90,12,1,93
BRDA:109,13,0,37
BRDA:109,13,1,22
BRDA:113,14,0,6
BRDA:113,14,1,6
BRDA:127,15,0,24
BRDA:127,15,1,24
BRDA:127,16,0,24
BRDA:127,16,1,0
BRDA:128,17,0,0
BRDA:128,17,1,24
BRDA:132,18,0,24
BRDA:132,18,1,0
BRF:38
BRH:33
end_of_record
TN:
SF:/Users/jared/workspace/github/jaredpalmer/formik/src/withFormik.tsx
FN:85,withFormik
FN:107,createFormik
FN:119,(anonymous_3)
FN:122,(anonymous_5)
FN:126,(anonymous_6)
FN:132,(anonymous_7)
FN:142,(anonymous_8)
FN:146,(anonymous_9)
FNF:8
FNH:8
FNDA:15,withFormik
FNDA:15,createFormik
FNDA:38,(anonymous_3)
FNDA:8,(anonymous_5)
FNDA:4,(anonymous_6)
FNDA:9,(anonymous_7)
FNDA:52,(anonymous_8)
FNDA:23,(anonymous_9)
DA:90,30
DA:102,15
DA:107,15
DA:111,15
DA:119,23
DA:120,15
DA:122,23
DA:123,8
DA:126,23
DA:127,4
DA:132,23
DA:133,9
DA:142,23
DA:143,52
DA:146,15
DA:147,23
DA:159,15
DA:161,15
LF:18
LH:18
BRDA:111,0,0,15
BRDA:111,0,1,15
BRDA:111,0,2,0
BRDA:111,0,3,0
BRDA:111,0,4,0
BRDA:119,1,0,23
BRDA:119,1,1,23
BRDA:119,1,2,23
BRDA:128,2,0,1
BRDA:128,2,1,3
BRDA:151,3,0,23
BRDA:151,3,1,9
BRDA:152,4,0,23
BRDA:152,4,1,5
BRF:14
BRH:11
end_of_record
